Build started 2/13/2013 2:50:39 PM.
     1>Project "C:\Volatile\Source\cpp\Map_unordered_vs_ordered\Map_unordered_vs_ordered\Map_unordered_vs_ordered.vcxproj" on node 2 (build target(s)).
     1>InitializeBuildStatus:
         Creating "Debug\Map_unordered_vs_ordered.unsuccessfulbuild" because "AlwaysCreate" was specified.
       ClCompile:
         All outputs are up-to-date.
         C:\Program Files (x86)\Microsoft Visual Studio 10.0\VC\bin\CL.exe /c /ZI /nologo /W3 /WX- /Od /Oy- /D WIN32 /D _DEBUG /D _CONSOLE /D _UNICODE /D UNICODE /Gm /EHsc /RTC1 /MDd /GS /fp:precise /Zc:wchar_t /Zc:forScope /Yu"StdAfx.h" /Fp"Debug\Map_unordered_vs_ordered.pch" /Fo"Debug\\" /Fd"Debug\vc100.pdb" /Gd /TP /analyze- /errorReport:prompt Map_unordered_vs_ordered.cpp
         Map_unordered_vs_ordered.cpp
       ManifestResourceCompile:
         All outputs are up-to-date.
       Link:
         C:\Program Files (x86)\Microsoft Visual Studio 10.0\VC\bin\link.exe /ERRORREPORT:PROMPT /OUT:"C:\Volatile\Source\cpp\Map_unordered_vs_ordered\Debug\Map_unordered_vs_ordered.exe" /INCREMENTAL /NOLOGO kernel32.lib user32.lib gdi32.lib winspool.lib comdlg32.lib advapi32.lib shell32.lib ole32.lib oleaut32.lib uuid.lib odbc32.lib odbccp32.lib /MANIFEST /ManifestFile:"Debug\Map_unordered_vs_ordered.exe.intermediate.manifest" /MANIFESTUAC:"level='asInvoker' uiAccess='false'" /DEBUG /PDB:"C:\Volatile\Source\cpp\Map_unordered_vs_ordered\Debug\Map_unordered_vs_ordered.pdb" /SUBSYSTEM:CONSOLE /TLBID:1 /DYNAMICBASE /NXCOMPAT /IMPLIB:"C:\Volatile\Source\cpp\Map_unordered_vs_ordered\Debug\Map_unordered_vs_ordered.lib" /MACHINE:X86 Debug\Map_unordered_vs_ordered.exe.embed.manifest.res
         Debug\Map_unordered_vs_ordered.obj
         Debug\stdafx.obj
       Manifest:
         C:\Program Files (x86)\Microsoft SDKs\Windows\v7.0A\bin\mt.exe /nologo /verbose /out:"Debug\Map_unordered_vs_ordered.exe.embed.manifest" /manifest Debug\Map_unordered_vs_ordered.exe.intermediate.manifest
         All outputs are up-to-date.
       LinkEmbedManifest:
         All outputs are up-to-date.
         Map_unordered_vs_ordered.vcxproj -> C:\Volatile\Source\cpp\Map_unordered_vs_ordered\Debug\Map_unordered_vs_ordered.exe
       FinalizeBuildStatus:
         Deleting file "Debug\Map_unordered_vs_ordered.unsuccessfulbuild".
         Touching "Debug\Map_unordered_vs_ordered.lastbuildstate".
     1>Done Building Project "C:\Volatile\Source\cpp\Map_unordered_vs_ordered\Map_unordered_vs_ordered\Map_unordered_vs_ordered.vcxproj" (build target(s)).

Build succeeded.

Time Elapsed 00:00:01.56
