Build started 4/17/2014 5:51:10 PM.
     1>Project "C:\Volatile\Development\Source\cpp\COM_DCOM_Example_Simple\SimpleClient\SimpleClient.vcxproj" on node 2 (build target(s)).
     1>InitializeBuildStatus:
         Creating "Debug\SimpleClient.unsuccessfulbuild" because "AlwaysCreate" was specified.
       ClCompile:
         C:\Program Files (x86)\Microsoft Visual Studio 10.0\VC\bin\CL.exe /c /ZI /nologo /W3 /WX- /Od /Oy- /D WIN32 /D _DEBUG /D _CONSOLE /D _UNICODE /D UNICODE /Gm /EHsc /RTC1 /MDd /GS /fp:precise /Zc:wchar_t /Zc:forScope /Yc"StdAfx.h" /Fp"Debug\SimpleClient.pch" /Fo"Debug\\" /Fd"Debug\vc100.pdb" /Gd /TP /analyze- /errorReport:prompt stdafx.cpp
         stdafx.cpp
         C:\Program Files (x86)\Microsoft Visual Studio 10.0\VC\bin\CL.exe /c /ZI /nologo /W3 /WX- /Od /Oy- /D WIN32 /D _DEBUG /D _CONSOLE /D _UNICODE /D UNICODE /Gm /EHsc /RTC1 /MDd /GS /fp:precise /Zc:wchar_t /Zc:forScope /Yu"StdAfx.h" /Fp"Debug\SimpleClient.pch" /Fo"Debug\\" /Fd"Debug\vc100.pdb" /Gd /TP /analyze- /errorReport:prompt SimpleClient.cpp
         SimpleClient.cpp
       ManifestResourceCompile:
         C:\Program Files (x86)\Microsoft SDKs\Windows\v7.0A\bin\rc.exe /nologo /fo"Debug\SimpleClient.exe.embed.manifest.res" Debug\SimpleClient_manifest.rc 
       Link:
         C:\Program Files (x86)\Microsoft Visual Studio 10.0\VC\bin\link.exe /ERRORREPORT:PROMPT /OUT:"C:\Volatile\Development\Source\cpp\COM_DCOM_Example_Simple\Debug\SimpleClient.exe" /INCREMENTAL /NOLOGO kernel32.lib user32.lib gdi32.lib winspool.lib comdlg32.lib advapi32.lib shell32.lib ole32.lib oleaut32.lib uuid.lib odbc32.lib odbccp32.lib /MANIFEST /ManifestFile:"Debug\SimpleClient.exe.intermediate.manifest" /MANIFESTUAC:"level='asInvoker' uiAccess='false'" /DEBUG /PDB:"C:\Volatile\Development\Source\cpp\COM_DCOM_Example_Simple\Debug\SimpleClient.pdb" /SUBSYSTEM:CONSOLE /TLBID:1 /DYNAMICBASE /NXCOMPAT /IMPLIB:"C:\Volatile\Development\Source\cpp\COM_DCOM_Example_Simple\Debug\SimpleClient.lib" /MACHINE:X86 Debug\SimpleClient.exe.embed.manifest.res
         Debug\SimpleClient.obj
         Debug\stdafx.obj
       Manifest:
         C:\Program Files (x86)\Microsoft SDKs\Windows\v7.0A\bin\mt.exe /nologo /verbose /out:"Debug\SimpleClient.exe.embed.manifest" /manifest Debug\SimpleClient.exe.intermediate.manifest
         C:\Program Files (x86)\Microsoft SDKs\Windows\v7.0A\bin\rc.exe /nologo /fo"Debug\SimpleClient.exe.embed.manifest.res" Debug\SimpleClient_manifest.rc 
       LinkEmbedManifest:
         C:\Program Files (x86)\Microsoft Visual Studio 10.0\VC\bin\link.exe /ERRORREPORT:PROMPT /OUT:"C:\Volatile\Development\Source\cpp\COM_DCOM_Example_Simple\Debug\SimpleClient.exe" /INCREMENTAL /NOLOGO kernel32.lib user32.lib gdi32.lib winspool.lib comdlg32.lib advapi32.lib shell32.lib ole32.lib oleaut32.lib uuid.lib odbc32.lib odbccp32.lib /MANIFEST /ManifestFile:"Debug\SimpleClient.exe.intermediate.manifest" /MANIFESTUAC:"level='asInvoker' uiAccess='false'" /DEBUG /PDB:"C:\Volatile\Development\Source\cpp\COM_DCOM_Example_Simple\Debug\SimpleClient.pdb" /SUBSYSTEM:CONSOLE /TLBID:1 /DYNAMICBASE /NXCOMPAT /IMPLIB:"C:\Volatile\Development\Source\cpp\COM_DCOM_Example_Simple\Debug\SimpleClient.lib" /MACHINE:X86 Debug\SimpleClient.exe.embed.manifest.res
         Debug\SimpleClient.obj
         Debug\stdafx.obj
         SimpleClient.vcxproj -> C:\Volatile\Development\Source\cpp\COM_DCOM_Example_Simple\Debug\SimpleClient.exe
       FinalizeBuildStatus:
         Deleting file "Debug\SimpleClient.unsuccessfulbuild".
         Touching "Debug\SimpleClient.lastbuildstate".
     1>Done Building Project "C:\Volatile\Development\Source\cpp\COM_DCOM_Example_Simple\SimpleClient\SimpleClient.vcxproj" (build target(s)).

Build succeeded.

Time Elapsed 00:00:03.60
