C:\VOLATILE\DEVELOPMENT\SOURCE\CPP\COM_DCOM_EXAMPLE_SIMPLE\DEBUG\SIMPLECLIENT.EXE
C:\VOLATILE\DEVELOPMENT\SOURCE\CPP\COM_DCOM_EXAMPLE_SIMPLE\DEBUG\SIMPLECLIENT.ILK
C:\VOLATILE\DEVELOPMENT\SOURCE\CPP\COM_DCOM_EXAMPLE_SIMPLE\DEBUG\SIMPLECLIENT.PDB
C:\Volatile\Development\Source\cpp\COM_DCOM_Example_Simple\SimpleClient\Debug\cl.command.1.tlog
C:\Volatile\Development\Source\cpp\COM_DCOM_Example_Simple\SimpleClient\Debug\CL.read.1.tlog
C:\Volatile\Development\Source\cpp\COM_DCOM_Example_Simple\SimpleClient\Debug\CL.write.1.tlog
C:\Volatile\Development\Source\cpp\COM_DCOM_Example_Simple\SimpleClient\Debug\link.4356.read.1.tlog
C:\Volatile\Development\Source\cpp\COM_DCOM_Example_Simple\SimpleClient\Debug\link.4356.write.1.tlog
C:\Volatile\Development\Source\cpp\COM_DCOM_Example_Simple\SimpleClient\Debug\link.4356-cvtres.read.1.tlog
C:\Volatile\Development\Source\cpp\COM_DCOM_Example_Simple\SimpleClient\Debug\link.4356-cvtres.write.1.tlog
C:\Volatile\Development\Source\cpp\COM_DCOM_Example_Simple\SimpleClient\Debug\link.command.1.tlog
C:\Volatile\Development\Source\cpp\COM_DCOM_Example_Simple\SimpleClient\Debug\link.read.1.tlog
C:\Volatile\Development\Source\cpp\COM_DCOM_Example_Simple\SimpleClient\Debug\link.write.1.tlog
C:\Volatile\Development\Source\cpp\COM_DCOM_Example_Simple\SimpleClient\Debug\link-cvtres.read.1.tlog
C:\Volatile\Development\Source\cpp\COM_DCOM_Example_Simple\SimpleClient\Debug\link-cvtres.write.1.tlog
C:\Volatile\Development\Source\cpp\COM_DCOM_Example_Simple\SimpleClient\Debug\mt.command.1.tlog
C:\Volatile\Development\Source\cpp\COM_DCOM_Example_Simple\SimpleClient\Debug\mt.read.1.tlog
C:\Volatile\Development\Source\cpp\COM_DCOM_Example_Simple\SimpleClient\Debug\mt.write.1.tlog
C:\Volatile\Development\Source\cpp\COM_DCOM_Example_Simple\SimpleClient\Debug\rc.command.1.tlog
C:\Volatile\Development\Source\cpp\COM_DCOM_Example_Simple\SimpleClient\Debug\rc.read.1.tlog
C:\Volatile\Development\Source\cpp\COM_DCOM_Example_Simple\SimpleClient\Debug\rc.write.1.tlog
C:\VOLATILE\DEVELOPMENT\SOURCE\CPP\COM_DCOM_EXAMPLE_SIMPLE\SIMPLECLIENT\DEBUG\SIMPLECLIENT.EXE.EMBED.MANIFEST
C:\VOLATILE\DEVELOPMENT\SOURCE\CPP\COM_DCOM_EXAMPLE_SIMPLE\SIMPLECLIENT\DEBUG\SIMPLECLIENT.EXE.EMBED.MANIFEST.RES
C:\VOLATILE\DEVELOPMENT\SOURCE\CPP\COM_DCOM_EXAMPLE_SIMPLE\SIMPLECLIENT\DEBUG\SIMPLECLIENT.EXE.INTERMEDIATE.MANIFEST
C:\VOLATILE\DEVELOPMENT\SOURCE\CPP\COM_DCOM_EXAMPLE_SIMPLE\SIMPLECLIENT\DEBUG\SIMPLECLIENT.OBJ
C:\VOLATILE\DEVELOPMENT\SOURCE\CPP\COM_DCOM_EXAMPLE_SIMPLE\SIMPLECLIENT\DEBUG\SIMPLECLIENT.PCH
C:\Volatile\Development\Source\cpp\COM_DCOM_Example_Simple\SimpleClient\Debug\SimpleClient.write.1.tlog
C:\Volatile\Development\Source\cpp\COM_DCOM_Example_Simple\SimpleClient\Debug\SimpleClient_manifest.rc
C:\VOLATILE\DEVELOPMENT\SOURCE\CPP\COM_DCOM_EXAMPLE_SIMPLE\SIMPLECLIENT\DEBUG\STDAFX.OBJ
C:\Volatile\Development\Source\cpp\COM_DCOM_Example_Simple\SimpleClient\Debug\vc100.idb
C:\VOLATILE\DEVELOPMENT\SOURCE\CPP\COM_DCOM_EXAMPLE_SIMPLE\SIMPLECLIENT\DEBUG\VC100.PDB
