C:\VOLATILE\DEVELOPMENT\SOURCE\CPP\FLOODBADNAMESPACES\FLOODBADNAMESPACES\DEBUG\FLOODBADNAMESPACES.PCH
C:\VOLATILE\DEVELOPMENT\SOURCE\CPP\FLOODBADNAMESPACES\FLOODBADNAMESPACES\DEBUG\STDAFX.OBJ
C:\VOLATILE\DEVELOPMENT\SOURCE\CPP\FLOODBADNAMESPACES\FLOODBADNAMESPACES\DEBUG\VC110.PDB
C:\VOLATILE\DEVELOPMENT\SOURCE\CPP\FLOODBADNAMESPACES\FLOODBADNAMESPACES\DEBUG\FLOODBADNAMESPACES.OBJ
C:\VOLATILE\DEVELOPMENT\SOURCE\CPP\FLOODBADNAMESPACES\DEBUG\FLOODBADNAMESPACES.ILK
C:\VOLATILE\DEVELOPMENT\SOURCE\CPP\FLOODBADNAMESPACES\DEBUG\FLOODBADNAMESPACES.EXE
C:\VOLATILE\DEVELOPMENT\SOURCE\CPP\FLOODBADNAMESPACES\DEBUG\FLOODBADNAMESPACES.PDB
C:\VOLATILE\DEVELOPMENT\SOURCE\CPP\FLOODBADNAMESPACES\FLOODBADNAMESPACES\DEBUG\FLOODBADNAMESPACES.TLB
C:\VOLATILE\DEVELOPMENT\SOURCE\CPP\FLOODBADNAMESPACES\FLOODBADNAMESPACES\MXCONSUMERIF_I.C
C:\VOLATILE\DEVELOPMENT\SOURCE\CPP\FLOODBADNAMESPACES\FLOODBADNAMESPACES\MXCONSUMERIF_H.H
C:\Volatile\Development\Source\cpp\FloodBadNamespaces\FloodBadNamespaces\Debug\FloodBadNamespaces.obj
C:\Volatile\Development\Source\cpp\FloodBadNamespaces\FloodBadNamespaces\Debug\stdafx.obj
C:\Volatile\Development\Source\cpp\FloodBadNamespaces\FloodBadNamespaces\Debug\FloodBadNamespaces.tlb
C:\Volatile\Development\Source\cpp\FloodBadNamespaces\FloodBadNamespaces\Debug\cl.command.1.tlog
C:\Volatile\Development\Source\cpp\FloodBadNamespaces\FloodBadNamespaces\Debug\CL.read.1.tlog
C:\Volatile\Development\Source\cpp\FloodBadNamespaces\FloodBadNamespaces\Debug\CL.write.1.tlog
C:\Volatile\Development\Source\cpp\FloodBadNamespaces\FloodBadNamespaces\Debug\link-cvtres.read.1.tlog
C:\Volatile\Development\Source\cpp\FloodBadNamespaces\FloodBadNamespaces\Debug\link-cvtres.write.1.tlog
C:\Volatile\Development\Source\cpp\FloodBadNamespaces\FloodBadNamespaces\Debug\link-rc.read.1.tlog
C:\Volatile\Development\Source\cpp\FloodBadNamespaces\FloodBadNamespaces\Debug\link-rc.write.1.tlog
C:\Volatile\Development\Source\cpp\FloodBadNamespaces\FloodBadNamespaces\Debug\link.5692-cvtres.read.1.tlog
C:\Volatile\Development\Source\cpp\FloodBadNamespaces\FloodBadNamespaces\Debug\link.5692-cvtres.write.1.tlog
C:\Volatile\Development\Source\cpp\FloodBadNamespaces\FloodBadNamespaces\Debug\link.5692-rc.read.1.tlog
C:\Volatile\Development\Source\cpp\FloodBadNamespaces\FloodBadNamespaces\Debug\link.5692-rc.write.1.tlog
C:\Volatile\Development\Source\cpp\FloodBadNamespaces\FloodBadNamespaces\Debug\link.5692.read.1.tlog
C:\Volatile\Development\Source\cpp\FloodBadNamespaces\FloodBadNamespaces\Debug\link.5692.write.1.tlog
C:\Volatile\Development\Source\cpp\FloodBadNamespaces\FloodBadNamespaces\Debug\link.command.1.tlog
C:\Volatile\Development\Source\cpp\FloodBadNamespaces\FloodBadNamespaces\Debug\link.read.1.tlog
C:\Volatile\Development\Source\cpp\FloodBadNamespaces\FloodBadNamespaces\Debug\link.write.1.tlog
C:\Volatile\Development\Source\cpp\FloodBadNamespaces\FloodBadNamespaces\Debug\midl-midlc-cl.read.1.tlog
C:\Volatile\Development\Source\cpp\FloodBadNamespaces\FloodBadNamespaces\Debug\midl-midlc.read.1.tlog
C:\Volatile\Development\Source\cpp\FloodBadNamespaces\FloodBadNamespaces\Debug\midl-midlc.write.1.tlog
C:\Volatile\Development\Source\cpp\FloodBadNamespaces\FloodBadNamespaces\Debug\midl.command.1.tlog
C:\Volatile\Development\Source\cpp\FloodBadNamespaces\FloodBadNamespaces\Debug\midl.read.1.tlog
C:\Volatile\Development\Source\cpp\FloodBadNamespaces\FloodBadNamespaces\Debug\midl.write.1.tlog
C:\Volatile\Development\Source\cpp\FloodBadNamespaces\FloodBadNamespaces\Debug\FloodBadNamespaces.pch
C:\Volatile\Development\Source\cpp\FloodBadNamespaces\FloodBadNamespaces\Debug\vc110.idb
C:\Volatile\Development\Source\cpp\FloodBadNamespaces\FloodBadNamespaces\Debug\vc110.pdb
C:\Volatile\Development\Source\cpp\FloodBadNamespaces\Debug\FloodBadNamespaces.pdb
C:\Volatile\Development\Source\cpp\FloodBadNamespaces\Debug\FloodBadNamespaces.exe
C:\Volatile\Development\Source\cpp\FloodBadNamespaces\Debug\FloodBadNamespaces.ilk
