C:\VOLATILE\SOURCE\CSHARP\MARSHALLINGBINARYXFEREXAMPLE\BINARYXFER\DEBUG\.NETFRAMEWORK,VERSION=V4.0.ASSEMBLYATTRIBUTES.OBJ
C:\VOLATILE\SOURCE\CSHARP\MARSHALLINGBINARYXFEREXAMPLE\BINARYXFER\DEBUG\APP.RES
C:\VOLATILE\SOURCE\CSHARP\MARSHALLINGBINARYXFEREXAMPLE\BINARYXFER\DEBUG\ASSEMBLYINFO.OBJ
C:\VOLATILE\SOURCE\CSHARP\MARSHALLINGBINARYXFEREXAMPLE\BINARYXFER\DEBUG\BINARYXFER.DLL.INTERMEDIATE.MANIFEST
C:\VOLATILE\SOURCE\CSHARP\MARSHALLINGBINARYXFEREXAMPLE\BINARYXFER\DEBUG\BINARYXFER.OBJ
C:\VOLATILE\SOURCE\CSHARP\MARSHALLINGBINARYXFEREXAMPLE\BINARYXFER\DEBUG\BINARYXFER.PCH
C:\Volatile\Source\csharp\MarshallingBinaryXferExample\BinaryXfer\Debug\BinaryXfer.write.1.tlog
C:\Volatile\Source\csharp\MarshallingBinaryXferExample\BinaryXfer\Debug\cl.command.1.tlog
C:\Volatile\Source\csharp\MarshallingBinaryXferExample\BinaryXfer\Debug\CL.read.1.tlog
C:\Volatile\Source\csharp\MarshallingBinaryXferExample\BinaryXfer\Debug\CL.write.1.tlog
C:\Volatile\Source\csharp\MarshallingBinaryXferExample\BinaryXfer\Debug\link.2924.read.1.tlog
C:\Volatile\Source\csharp\MarshallingBinaryXferExample\BinaryXfer\Debug\link.2924.write.1.tlog
C:\Volatile\Source\csharp\MarshallingBinaryXferExample\BinaryXfer\Debug\link.2924-cvtres.read.1.tlog
C:\Volatile\Source\csharp\MarshallingBinaryXferExample\BinaryXfer\Debug\link.2924-cvtres.write.1.tlog
C:\Volatile\Source\csharp\MarshallingBinaryXferExample\BinaryXfer\Debug\link.5456.read.1.tlog
C:\Volatile\Source\csharp\MarshallingBinaryXferExample\BinaryXfer\Debug\link.5456.write.1.tlog
C:\Volatile\Source\csharp\MarshallingBinaryXferExample\BinaryXfer\Debug\link.5456-cvtres.read.1.tlog
C:\Volatile\Source\csharp\MarshallingBinaryXferExample\BinaryXfer\Debug\link.5456-cvtres.write.1.tlog
C:\Volatile\Source\csharp\MarshallingBinaryXferExample\BinaryXfer\Debug\link.command.1.tlog
C:\Volatile\Source\csharp\MarshallingBinaryXferExample\BinaryXfer\Debug\link.read.1.tlog
C:\Volatile\Source\csharp\MarshallingBinaryXferExample\BinaryXfer\Debug\link.write.1.tlog
C:\Volatile\Source\csharp\MarshallingBinaryXferExample\BinaryXfer\Debug\metagen.read.1.tlog
C:\Volatile\Source\csharp\MarshallingBinaryXferExample\BinaryXfer\Debug\metagen.write.1.tlog
C:\Volatile\Source\csharp\MarshallingBinaryXferExample\BinaryXfer\Debug\mt.command.1.tlog
C:\Volatile\Source\csharp\MarshallingBinaryXferExample\BinaryXfer\Debug\mt.read.1.tlog
C:\Volatile\Source\csharp\MarshallingBinaryXferExample\BinaryXfer\Debug\mt.write.1.tlog
C:\Volatile\Source\csharp\MarshallingBinaryXferExample\BinaryXfer\Debug\rc.command.1.tlog
C:\Volatile\Source\csharp\MarshallingBinaryXferExample\BinaryXfer\Debug\rc.read.1.tlog
C:\Volatile\Source\csharp\MarshallingBinaryXferExample\BinaryXfer\Debug\rc.write.1.tlog
C:\Volatile\Source\csharp\MarshallingBinaryXferExample\BinaryXfer\Debug\RSAENH.DLL.bi
C:\VOLATILE\SOURCE\CSHARP\MARSHALLINGBINARYXFEREXAMPLE\BINARYXFER\DEBUG\STDAFX.OBJ
C:\Volatile\Source\csharp\MarshallingBinaryXferExample\BinaryXfer\Debug\TZRES.DLL.bi
C:\VOLATILE\SOURCE\CSHARP\MARSHALLINGBINARYXFEREXAMPLE\BINARYXFER\DEBUG\VC100.PDB
C:\VOLATILE\SOURCE\CSHARP\MARSHALLINGBINARYXFEREXAMPLE\DEBUG\BINARYXFER.DLL
C:\VOLATILE\SOURCE\CSHARP\MARSHALLINGBINARYXFEREXAMPLE\DEBUG\BINARYXFER.ILK
C:\VOLATILE\SOURCE\CSHARP\MARSHALLINGBINARYXFEREXAMPLE\DEBUG\BINARYXFER.PDB
