C:\VOLATILE\SOURCE\CSHARP\PROCSHARPEXERCISES\DEBUG\USINGSYNTAXANDDISPOSECPP.EXE
C:\VOLATILE\SOURCE\CSHARP\PROCSHARPEXERCISES\DEBUG\USINGSYNTAXANDDISPOSECPP.ILK
C:\VOLATILE\SOURCE\CSHARP\PROCSHARPEXERCISES\DEBUG\USINGSYNTAXANDDISPOSECPP.PDB
C:\VOLATILE\SOURCE\CSHARP\PROCSHARPEXERCISES\USINGSYNTAXANDDISPOSECPP\DEBUG\.NETFRAMEWORK,VERSION=V4.0.ASSEMBLYATTRIBUTES.OBJ
C:\VOLATILE\SOURCE\CSHARP\PROCSHARPEXERCISES\USINGSYNTAXANDDISPOSECPP\DEBUG\APP.RES
C:\VOLATILE\SOURCE\CSHARP\PROCSHARPEXERCISES\USINGSYNTAXANDDISPOSECPP\DEBUG\ASSEMBLYINFO.OBJ
C:\Volatile\Source\csharp\ProCsharpExercises\UsingSyntaxAndDisposeCPP\Debug\cl.command.1.tlog
C:\Volatile\Source\csharp\ProCsharpExercises\UsingSyntaxAndDisposeCPP\Debug\CL.read.1.tlog
C:\Volatile\Source\csharp\ProCsharpExercises\UsingSyntaxAndDisposeCPP\Debug\CL.write.1.tlog
C:\Volatile\Source\csharp\ProCsharpExercises\UsingSyntaxAndDisposeCPP\Debug\link.5896.read.1.tlog
C:\Volatile\Source\csharp\ProCsharpExercises\UsingSyntaxAndDisposeCPP\Debug\link.5896.write.1.tlog
C:\Volatile\Source\csharp\ProCsharpExercises\UsingSyntaxAndDisposeCPP\Debug\link.5896-cvtres.read.1.tlog
C:\Volatile\Source\csharp\ProCsharpExercises\UsingSyntaxAndDisposeCPP\Debug\link.5896-cvtres.write.1.tlog
C:\Volatile\Source\csharp\ProCsharpExercises\UsingSyntaxAndDisposeCPP\Debug\link.command.1.tlog
C:\Volatile\Source\csharp\ProCsharpExercises\UsingSyntaxAndDisposeCPP\Debug\link.read.1.tlog
C:\Volatile\Source\csharp\ProCsharpExercises\UsingSyntaxAndDisposeCPP\Debug\link.write.1.tlog
C:\Volatile\Source\csharp\ProCsharpExercises\UsingSyntaxAndDisposeCPP\Debug\metagen.read.1.tlog
C:\Volatile\Source\csharp\ProCsharpExercises\UsingSyntaxAndDisposeCPP\Debug\metagen.write.1.tlog
C:\Volatile\Source\csharp\ProCsharpExercises\UsingSyntaxAndDisposeCPP\Debug\mt.command.1.tlog
C:\Volatile\Source\csharp\ProCsharpExercises\UsingSyntaxAndDisposeCPP\Debug\mt.read.1.tlog
C:\Volatile\Source\csharp\ProCsharpExercises\UsingSyntaxAndDisposeCPP\Debug\mt.write.1.tlog
C:\Volatile\Source\csharp\ProCsharpExercises\UsingSyntaxAndDisposeCPP\Debug\rc.command.1.tlog
C:\Volatile\Source\csharp\ProCsharpExercises\UsingSyntaxAndDisposeCPP\Debug\rc.read.1.tlog
C:\Volatile\Source\csharp\ProCsharpExercises\UsingSyntaxAndDisposeCPP\Debug\rc.write.1.tlog
C:\Volatile\Source\csharp\ProCsharpExercises\UsingSyntaxAndDisposeCPP\Debug\RSAENH.DLL.bi
C:\VOLATILE\SOURCE\CSHARP\PROCSHARPEXERCISES\USINGSYNTAXANDDISPOSECPP\DEBUG\STDAFX.OBJ
C:\Volatile\Source\csharp\ProCsharpExercises\UsingSyntaxAndDisposeCPP\Debug\TZRES.DLL.bi
C:\VOLATILE\SOURCE\CSHARP\PROCSHARPEXERCISES\USINGSYNTAXANDDISPOSECPP\DEBUG\USINGSYNTAXANDDISPOSECPP.EXE.INTERMEDIATE.MANIFEST
C:\VOLATILE\SOURCE\CSHARP\PROCSHARPEXERCISES\USINGSYNTAXANDDISPOSECPP\DEBUG\USINGSYNTAXANDDISPOSECPP.OBJ
C:\VOLATILE\SOURCE\CSHARP\PROCSHARPEXERCISES\USINGSYNTAXANDDISPOSECPP\DEBUG\USINGSYNTAXANDDISPOSECPP.PCH
C:\Volatile\Source\csharp\ProCsharpExercises\UsingSyntaxAndDisposeCPP\Debug\UsingSyntaxAndDisposeCPP.write.1.tlog
C:\VOLATILE\SOURCE\CSHARP\PROCSHARPEXERCISES\USINGSYNTAXANDDISPOSECPP\DEBUG\VC100.PDB
