Build started 6/25/2014 2:56:27 PM.
     1>Project "C:\Volatile\Development\Source\cpp\COM_noRegistration\MicrosoftExample\client CPP\client.vcxproj" on node 2 (Rebuild target(s)).
     1>_PrepareForClean:
         Deleting file "Release\client.lastbuildstate".
       InitializeBuildStatus:
         Creating "Release\client.unsuccessfulbuild" because "AlwaysCreate" was specified.
       ClCompile:
         C:\Program Files (x86)\Microsoft Visual Studio 11.0\VC\bin\CL.exe /c /Zi /nologo /W3 /WX- /O2 /Oy- /D WIN32 /D NDEBUG /D _CONSOLE /D _MBCS /D _ATL_STATIC_REGISTRY /Gm- /EHsc /MT /GS /fp:precise /Zc:wchar_t /Zc:forScope /Yc"stdafx.h" /Fp"Release\client.pch" /Fo"Release\\" /Fd"Release\vc110.pdb" /Gd /TP /analyze- /errorReport:prompt stdafx.cpp
         stdafx.cpp
         C:\Program Files (x86)\Microsoft Visual Studio 11.0\VC\bin\CL.exe /c /Zi /nologo /W3 /WX- /O2 /Oy- /D WIN32 /D NDEBUG /D _CONSOLE /D _MBCS /D _ATL_STATIC_REGISTRY /Gm- /EHsc /MT /GS /fp:precise /Zc:wchar_t /Zc:forScope /Yu"stdafx.h" /Fp"Release\client.pch" /Fo"Release\\" /Fd"Release\vc110.pdb" /Gd /TP /analyze- /errorReport:prompt client.cpp
         client.cpp
       Link:
         C:\Program Files (x86)\Microsoft Visual Studio 11.0\VC\bin\link.exe /ERRORREPORT:PROMPT /OUT:"..\deployed\client.exe" /INCREMENTAL:NO /NOLOGO kernel32.lib user32.lib gdi32.lib winspool.lib comdlg32.lib advapi32.lib shell32.lib ole32.lib oleaut32.lib uuid.lib odbc32.lib odbccp32.lib /MANIFEST /ManifestFile:"Release\client.exe.intermediate.manifest" /MANIFESTUAC:"level='asInvoker' uiAccess='false'" /DEBUG /PDB:"..\deployed\client.pdb" /SUBSYSTEM:CONSOLE /OPT:REF /OPT:ICF /TLBID:1 /DYNAMICBASE /NXCOMPAT /IMPLIB:"..\deployed\client.lib" /MACHINE:X86 /SAFESEH Release\client.obj
         Release\stdafx.obj
         client.vcxproj -> C:\Volatile\Development\Source\cpp\COM_noRegistration\MicrosoftExample\client CPP\..\deployed\client.exe
       Manifest:
         C:\Program Files (x86)\Windows Kits\8.0\bin\x86\mt.exe /nologo /verbose /out:"C:\Volatile\Development\Source\cpp\COM_noRegistration\MicrosoftExample\client CPP\..\deployed\client.exe.manifest" /manifest client.manifest Release\client.exe.intermediate.manifest
       FinalizeBuildStatus:
         Deleting file "Release\client.unsuccessfulbuild".
         Touching "Release\client.lastbuildstate".
     1>Done Building Project "C:\Volatile\Development\Source\cpp\COM_noRegistration\MicrosoftExample\client CPP\client.vcxproj" (Rebuild target(s)).

Build succeeded.

Time Elapsed 00:00:04.57
