C:\VOLATILE\DEVELOPMENT\SOURCE\CPP\COM_NOREGISTRATION\MICROSOFTEXAMPLE\CLIENT CPP\RELEASE\CLIENT.PCH
C:\VOLATILE\DEVELOPMENT\SOURCE\CPP\COM_NOREGISTRATION\MICROSOFTEXAMPLE\CLIENT CPP\RELEASE\STDAFX.OBJ
C:\VOLATILE\DEVELOPMENT\SOURCE\CPP\COM_NOREGISTRATION\MICROSOFTEXAMPLE\CLIENT CPP\RELEASE\VC110.PDB
C:\VOLATILE\DEVELOPMENT\SOURCE\CPP\COM_NOREGISTRATION\MICROSOFTEXAMPLE\CLIENT CPP\RELEASE\CLIENT.OBJ
C:\VOLATILE\DEVELOPMENT\SOURCE\CPP\COM_NOREGISTRATION\MICROSOFTEXAMPLE\DEPLOYED\CLIENT.EXE
C:\VOLATILE\DEVELOPMENT\SOURCE\CPP\COM_NOREGISTRATION\MICROSOFTEXAMPLE\CLIENT CPP\RELEASE\CLIENT.EXE.INTERMEDIATE.MANIFEST
C:\VOLATILE\DEVELOPMENT\SOURCE\CPP\COM_NOREGISTRATION\MICROSOFTEXAMPLE\DEPLOYED\CLIENT.PDB
C:\VOLATILE\DEVELOPMENT\SOURCE\CPP\COM_NOREGISTRATION\MICROSOFTEXAMPLE\DEPLOYED\CLIENT.EXE.MANIFEST
C:\Volatile\Development\Source\cpp\COM_noRegistration\MicrosoftExample\client CPP\Release\client.obj
C:\Volatile\Development\Source\cpp\COM_noRegistration\MicrosoftExample\client CPP\Release\stdafx.obj
C:\Volatile\Development\Source\cpp\COM_noRegistration\MicrosoftExample\client CPP\Release\sidebyside.tli
C:\Volatile\Development\Source\cpp\COM_noRegistration\MicrosoftExample\client CPP\Release\sidebyside.tlh
C:\Volatile\Development\Source\cpp\COM_noRegistration\MicrosoftExample\client CPP\Release\cl.command.1.tlog
C:\Volatile\Development\Source\cpp\COM_noRegistration\MicrosoftExample\client CPP\Release\CL.read.1.tlog
C:\Volatile\Development\Source\cpp\COM_noRegistration\MicrosoftExample\client CPP\Release\CL.write.1.tlog
C:\Volatile\Development\Source\cpp\COM_noRegistration\MicrosoftExample\client CPP\Release\link.command.1.tlog
C:\Volatile\Development\Source\cpp\COM_noRegistration\MicrosoftExample\client CPP\Release\link.read.1.tlog
C:\Volatile\Development\Source\cpp\COM_noRegistration\MicrosoftExample\client CPP\Release\link.write.1.tlog
C:\Volatile\Development\Source\cpp\COM_noRegistration\MicrosoftExample\client CPP\Release\mt.command.1.tlog
C:\Volatile\Development\Source\cpp\COM_noRegistration\MicrosoftExample\client CPP\Release\mt.read.1.tlog
C:\Volatile\Development\Source\cpp\COM_noRegistration\MicrosoftExample\client CPP\Release\mt.write.1.tlog
C:\Volatile\Development\Source\cpp\COM_noRegistration\MicrosoftExample\client CPP\Release\client.exe.intermediate.manifest
C:\Volatile\Development\Source\cpp\COM_noRegistration\MicrosoftExample\client CPP\Release\client.pch
C:\Volatile\Development\Source\cpp\COM_noRegistration\MicrosoftExample\client CPP\Release\vc110.pdb
C:\Volatile\Development\Source\cpp\COM_noRegistration\MicrosoftExample\client CPP\..\deployed\client.exe
