C:\VOLATILE\SOURCE\CPP\WCFCPPMIXEDMODEEXAMPLE\DEBUG\MIXEDMODEEXAMPLE.DLL
C:\Volatile\Source\cpp\WCFCPPMixedModeExample\Debug\MixedModeExample.exp
C:\VOLATILE\SOURCE\CPP\WCFCPPMIXEDMODEEXAMPLE\DEBUG\MIXEDMODEEXAMPLE.ILK
C:\Volatile\Source\cpp\WCFCPPMixedModeExample\Debug\MixedModeExample.lib
C:\VOLATILE\SOURCE\CPP\WCFCPPMIXEDMODEEXAMPLE\DEBUG\MIXEDMODEEXAMPLE.PDB
C:\VOLATILE\SOURCE\CPP\WCFCPPMIXEDMODEEXAMPLE\MIXEDMODEEXAMPLE\DEBUG\.NETFRAMEWORK,VERSION=V4.0.ASSEMBLYATTRIBUTES.OBJ
C:\Volatile\Source\cpp\WCFCPPMixedModeExample\MixedModeExample\Debug\cl.command.1.tlog
C:\Volatile\Source\cpp\WCFCPPMixedModeExample\MixedModeExample\Debug\CL.read.1.tlog
C:\Volatile\Source\cpp\WCFCPPMixedModeExample\MixedModeExample\Debug\CL.write.1.tlog
C:\VOLATILE\SOURCE\CPP\WCFCPPMIXEDMODEEXAMPLE\MIXEDMODEEXAMPLE\DEBUG\CLRCALLERTEST.OBJ
C:\VOLATILE\SOURCE\CPP\WCFCPPMIXEDMODEEXAMPLE\MIXEDMODEEXAMPLE\DEBUG\EVAL.OBJ
C:\VOLATILE\SOURCE\CPP\WCFCPPMIXEDMODEEXAMPLE\MIXEDMODEEXAMPLE\DEBUG\EVALSERVICE.OBJ
C:\VOLATILE\SOURCE\CPP\WCFCPPMIXEDMODEEXAMPLE\MIXEDMODEEXAMPLE\DEBUG\IEVALSERVICE.OBJ
C:\Volatile\Source\cpp\WCFCPPMixedModeExample\MixedModeExample\Debug\link.4804.read.1.tlog
C:\Volatile\Source\cpp\WCFCPPMixedModeExample\MixedModeExample\Debug\link.4804.write.1.tlog
C:\Volatile\Source\cpp\WCFCPPMixedModeExample\MixedModeExample\Debug\link.command.1.tlog
C:\Volatile\Source\cpp\WCFCPPMixedModeExample\MixedModeExample\Debug\link.read.1.tlog
C:\Volatile\Source\cpp\WCFCPPMixedModeExample\MixedModeExample\Debug\link.write.1.tlog
C:\Volatile\Source\cpp\WCFCPPMixedModeExample\MixedModeExample\Debug\metagen.read.1.tlog
C:\Volatile\Source\cpp\WCFCPPMixedModeExample\MixedModeExample\Debug\metagen.write.1.tlog
C:\VOLATILE\SOURCE\CPP\WCFCPPMIXEDMODEEXAMPLE\MIXEDMODEEXAMPLE\DEBUG\MIXEDMODEEXAMPLE.DLL.INTERMEDIATE.MANIFEST
C:\VOLATILE\SOURCE\CPP\WCFCPPMIXEDMODEEXAMPLE\MIXEDMODEEXAMPLE\DEBUG\MIXEDMODEEXAMPLE.OBJ
C:\Volatile\Source\cpp\WCFCPPMixedModeExample\MixedModeExample\Debug\MixedModeExample.write.1.tlog
C:\Volatile\Source\cpp\WCFCPPMixedModeExample\MixedModeExample\Debug\mt.command.1.tlog
C:\Volatile\Source\cpp\WCFCPPMixedModeExample\MixedModeExample\Debug\mt.read.1.tlog
C:\Volatile\Source\cpp\WCFCPPMixedModeExample\MixedModeExample\Debug\mt.write.1.tlog
C:\Volatile\Source\cpp\WCFCPPMixedModeExample\MixedModeExample\Debug\RSAENH.DLL.bi
C:\Volatile\Source\cpp\WCFCPPMixedModeExample\MixedModeExample\Debug\TZRES.DLL.bi
C:\VOLATILE\SOURCE\CPP\WCFCPPMIXEDMODEEXAMPLE\MIXEDMODEEXAMPLE\DEBUG\VC100.PDB
