Build started 6/25/2014 11:07:00 AM.
     1>Project "C:\Volatile\Development\Source\cpp\SafeArrayCopy\SafeArrayCopy\SafeArrayCopy.vcxproj" on node 2 (Build target(s)).
     1>InitializeBuildStatus:
         Creating "Debug\SafeArrayCopy.unsuccessfulbuild" because "AlwaysCreate" was specified.
       ClCompile:
         All outputs are up-to-date.
         C:\Program Files (x86)\Microsoft Visual Studio 10.0\VC\bin\CL.exe /c /ZI /nologo /W3 /WX- /Od /Oy- /D WIN32 /D _DEBUG /D _CONSOLE /D _UNICODE /D UNICODE /D _ATL_DLL /D _AFXDLL /D _MBCS /D _WINDOWS /Gm /EHsc /RTC1 /MDd /GS /fp:precise /Zc:wchar_t /Zc:forScope /Yu"StdAfx.h" /Fp"Debug\SafeArrayCopy.pch" /Fo"Debug\\" /Fd"Debug\vc100.pdb" /Gd /TP /analyze- /errorReport:prompt theMainLoop.cpp
         Skipping... (no relevant changes detected)
         theMainLoop.cpp
       ManifestResourceCompile:
         All outputs are up-to-date.
       Link:
         C:\Program Files (x86)\Microsoft Visual Studio 10.0\VC\bin\link.exe /ERRORREPORT:PROMPT /OUT:"C:\Volatile\Development\Source\cpp\SafeArrayCopy\Debug\SafeArrayCopy.exe" /INCREMENTAL /NOLOGO /MANIFEST /ManifestFile:"Debug\SafeArrayCopy.exe.intermediate.manifest" /MANIFESTUAC:"level='asInvoker' uiAccess='false'" /DEBUG /PDB:"C:\Volatile\Development\Source\cpp\SafeArrayCopy\Debug\SafeArrayCopy.pdb" /SUBSYSTEM:CONSOLE /TLBID:1 /DYNAMICBASE /NXCOMPAT /IMPLIB:"C:\Volatile\Development\Source\cpp\SafeArrayCopy\Debug\SafeArrayCopy.lib" /MACHINE:X86 Debug\SafeArrayCopy.exe.embed.manifest.res
         Debug\stdafx.obj
         Debug\theMainLoop.obj
       Manifest:
         C:\Program Files (x86)\Microsoft SDKs\Windows\v7.0A\bin\mt.exe /nologo /verbose /out:"Debug\SafeArrayCopy.exe.embed.manifest" /manifest Debug\SafeArrayCopy.exe.intermediate.manifest "C:\Program Files (x86)\Microsoft Visual Studio 10.0\VC\Include\Manifest\dpiaware.manifest"
         All outputs are up-to-date.
       LinkEmbedManifest:
         All outputs are up-to-date.
         SafeArrayCopy.vcxproj -> C:\Volatile\Development\Source\cpp\SafeArrayCopy\Debug\SafeArrayCopy.exe
       FinalizeBuildStatus:
         Deleting file "Debug\SafeArrayCopy.unsuccessfulbuild".
         Touching "Debug\SafeArrayCopy.lastbuildstate".
     1>Done Building Project "C:\Volatile\Development\Source\cpp\SafeArrayCopy\SafeArrayCopy\SafeArrayCopy.vcxproj" (Build target(s)).

Build succeeded.

Time Elapsed 00:00:00.75
