C:\VOLATILE\DEVELOPMENT\SOURCE\CPP\SAFEARRAYCOPY\SAFEARRAYCOPY\DEBUG\SAFEARRAYCOPY.PCH
C:\VOLATILE\DEVELOPMENT\SOURCE\CPP\SAFEARRAYCOPY\SAFEARRAYCOPY\DEBUG\STDAFX.OBJ
C:\VOLATILE\DEVELOPMENT\SOURCE\CPP\SAFEARRAYCOPY\SAFEARRAYCOPY\DEBUG\VC100.PDB
C:\VOLATILE\DEVELOPMENT\SOURCE\CPP\SAFEARRAYCOPY\SAFEARRAYCOPY\DEBUG\THEMAINLOOP.OBJ
C:\VOLATILE\DEVELOPMENT\SOURCE\CPP\SAFEARRAYCOPY\DEBUG\SAFEARRAYCOPY.ILK
C:\VOLATILE\DEVELOPMENT\SOURCE\CPP\SAFEARRAYCOPY\DEBUG\SAFEARRAYCOPY.EXE
C:\VOLATILE\DEVELOPMENT\SOURCE\CPP\SAFEARRAYCOPY\SAFEARRAYCOPY\DEBUG\SAFEARRAYCOPY.EXE.INTERMEDIATE.MANIFEST
C:\VOLATILE\DEVELOPMENT\SOURCE\CPP\SAFEARRAYCOPY\DEBUG\SAFEARRAYCOPY.PDB
C:\VOLATILE\DEVELOPMENT\SOURCE\CPP\SAFEARRAYCOPY\SAFEARRAYCOPY\DEBUG\SAFEARRAYCOPY.TLB
C:\VOLATILE\DEVELOPMENT\SOURCE\CPP\SAFEARRAYCOPY\SAFEARRAYCOPY\RECORDTEST_I.C
C:\VOLATILE\DEVELOPMENT\SOURCE\CPP\SAFEARRAYCOPY\SAFEARRAYCOPY\RECORDTEST_H.H
C:\VOLATILE\DEVELOPMENT\SOURCE\CPP\SAFEARRAYCOPY\SAFEARRAYCOPY\DEBUG\SAFEARRAYCOPY.EXE.EMBED.MANIFEST
C:\VOLATILE\DEVELOPMENT\SOURCE\CPP\SAFEARRAYCOPY\SAFEARRAYCOPY\DEBUG\SAFEARRAYCOPY.EXE.EMBED.MANIFEST.RES
C:\Volatile\Development\Source\cpp\SafeArrayCopy\SafeArrayCopy\Debug\stdafx.obj
C:\Volatile\Development\Source\cpp\SafeArrayCopy\SafeArrayCopy\Debug\theMainLoop.obj
C:\Volatile\Development\Source\cpp\SafeArrayCopy\SafeArrayCopy\Debug\SafeArrayCopy.tlb
C:\Volatile\Development\Source\cpp\SafeArrayCopy\SafeArrayCopy\Debug\cl.command.1.tlog
C:\Volatile\Development\Source\cpp\SafeArrayCopy\SafeArrayCopy\Debug\CL.read.1.tlog
C:\Volatile\Development\Source\cpp\SafeArrayCopy\SafeArrayCopy\Debug\CL.write.1.tlog
C:\Volatile\Development\Source\cpp\SafeArrayCopy\SafeArrayCopy\Debug\link-cvtres.read.1.tlog
C:\Volatile\Development\Source\cpp\SafeArrayCopy\SafeArrayCopy\Debug\link-cvtres.write.1.tlog
C:\Volatile\Development\Source\cpp\SafeArrayCopy\SafeArrayCopy\Debug\link.6972-cvtres.read.1.tlog
C:\Volatile\Development\Source\cpp\SafeArrayCopy\SafeArrayCopy\Debug\link.6972-cvtres.write.1.tlog
C:\Volatile\Development\Source\cpp\SafeArrayCopy\SafeArrayCopy\Debug\link.6972.read.1.tlog
C:\Volatile\Development\Source\cpp\SafeArrayCopy\SafeArrayCopy\Debug\link.6972.write.1.tlog
C:\Volatile\Development\Source\cpp\SafeArrayCopy\SafeArrayCopy\Debug\link.9896-cvtres.read.1.tlog
C:\Volatile\Development\Source\cpp\SafeArrayCopy\SafeArrayCopy\Debug\link.9896-cvtres.write.1.tlog
C:\Volatile\Development\Source\cpp\SafeArrayCopy\SafeArrayCopy\Debug\link.9896.read.1.tlog
C:\Volatile\Development\Source\cpp\SafeArrayCopy\SafeArrayCopy\Debug\link.9896.write.1.tlog
C:\Volatile\Development\Source\cpp\SafeArrayCopy\SafeArrayCopy\Debug\link.command.1.tlog
C:\Volatile\Development\Source\cpp\SafeArrayCopy\SafeArrayCopy\Debug\link.read.1.tlog
C:\Volatile\Development\Source\cpp\SafeArrayCopy\SafeArrayCopy\Debug\link.write.1.tlog
C:\Volatile\Development\Source\cpp\SafeArrayCopy\SafeArrayCopy\Debug\midl-midlc-cl.read.1.tlog
C:\Volatile\Development\Source\cpp\SafeArrayCopy\SafeArrayCopy\Debug\midl-midlc.read.1.tlog
C:\Volatile\Development\Source\cpp\SafeArrayCopy\SafeArrayCopy\Debug\midl-midlc.write.1.tlog
C:\Volatile\Development\Source\cpp\SafeArrayCopy\SafeArrayCopy\Debug\midl.command.1.tlog
C:\Volatile\Development\Source\cpp\SafeArrayCopy\SafeArrayCopy\Debug\midl.read.1.tlog
C:\Volatile\Development\Source\cpp\SafeArrayCopy\SafeArrayCopy\Debug\midl.write.1.tlog
C:\Volatile\Development\Source\cpp\SafeArrayCopy\SafeArrayCopy\Debug\mt.command.1.tlog
C:\Volatile\Development\Source\cpp\SafeArrayCopy\SafeArrayCopy\Debug\mt.read.1.tlog
C:\Volatile\Development\Source\cpp\SafeArrayCopy\SafeArrayCopy\Debug\mt.write.1.tlog
C:\Volatile\Development\Source\cpp\SafeArrayCopy\SafeArrayCopy\Debug\rc.command.1.tlog
C:\Volatile\Development\Source\cpp\SafeArrayCopy\SafeArrayCopy\Debug\rc.read.1.tlog
C:\Volatile\Development\Source\cpp\SafeArrayCopy\SafeArrayCopy\Debug\rc.write.1.tlog
C:\Volatile\Development\Source\cpp\SafeArrayCopy\SafeArrayCopy\Debug\SafeArrayCopy.exe.embed.manifest
C:\Volatile\Development\Source\cpp\SafeArrayCopy\SafeArrayCopy\Debug\SafeArrayCopy.exe.intermediate.manifest
C:\Volatile\Development\Source\cpp\SafeArrayCopy\SafeArrayCopy\Debug\SafeArrayCopy.exe.embed.manifest.res
C:\Volatile\Development\Source\cpp\SafeArrayCopy\SafeArrayCopy\Debug\SafeArrayCopy.pch
C:\Volatile\Development\Source\cpp\SafeArrayCopy\SafeArrayCopy\Debug\vc100.idb
C:\Volatile\Development\Source\cpp\SafeArrayCopy\SafeArrayCopy\Debug\vc100.pdb
C:\Volatile\Development\Source\cpp\SafeArrayCopy\SafeArrayCopy\Debug\SafeArrayCopy_manifest.rc
C:\Volatile\Development\Source\cpp\SafeArrayCopy\Debug\SafeArrayCopy.pdb
C:\Volatile\Development\Source\cpp\SafeArrayCopy\Debug\SafeArrayCopy.exe
C:\Volatile\Development\Source\cpp\SafeArrayCopy\Debug\SafeArrayCopy.ilk
