Build started 7/11/2013 5:33:32 PM.
     1>Project "C:\Volatile\Development\Source\cpp\breakMechanics\breakMechanics\breakMechanics.vcxproj" on node 2 (Rebuild target(s)).
     1>InitializeBuildStatus:
         Touching "Debug\breakMechanics.unsuccessfulbuild".
       ClCompile:
         C:\Program Files (x86)\Microsoft Visual Studio 11.0\VC\bin\CL.exe /c /ZI /nologo /W3 /WX- /Od /Oy- /D WIN32 /D _DEBUG /D _CONSOLE /D _UNICODE /D UNICODE /Gm /EHsc /RTC1 /MDd /GS /fp:precise /Zc:wchar_t /Zc:forScope /Yc"stdafx.h" /Fp"Debug\breakMechanics.pch" /Fo"Debug\\" /Fd"Debug\vc110.pdb" /Gd /TP /analyze- /errorReport:prompt stdafx.cpp
         stdafx.cpp
         C:\Program Files (x86)\Microsoft Visual Studio 11.0\VC\bin\CL.exe /c /ZI /nologo /W3 /WX- /Od /Oy- /D WIN32 /D _DEBUG /D _CONSOLE /D _UNICODE /D UNICODE /Gm /EHsc /RTC1 /MDd /GS /fp:precise /Zc:wchar_t /Zc:forScope /Yu"stdafx.h" /Fp"Debug\breakMechanics.pch" /Fo"Debug\\" /Fd"Debug\vc110.pdb" /Gd /TP /analyze- /errorReport:prompt breakMechanics.cpp
         breakMechanics.cpp
       Link:
         C:\Program Files (x86)\Microsoft Visual Studio 11.0\VC\bin\link.exe /ERRORREPORT:PROMPT /OUT:"C:\Volatile\Development\Source\cpp\breakMechanics\Debug\breakMechanics.exe" /INCREMENTAL /NOLOGO kernel32.lib user32.lib gdi32.lib winspool.lib comdlg32.lib advapi32.lib shell32.lib ole32.lib oleaut32.lib uuid.lib odbc32.lib odbccp32.lib /MANIFEST /MANIFESTUAC:"level='asInvoker' uiAccess='false'" /manifest:embed /DEBUG /PDB:"C:\Volatile\Development\Source\cpp\breakMechanics\Debug\breakMechanics.pdb" /SUBSYSTEM:CONSOLE /TLBID:1 /DYNAMICBASE /NXCOMPAT /IMPLIB:"C:\Volatile\Development\Source\cpp\breakMechanics\Debug\breakMechanics.lib" /MACHINE:X86 /SAFESEH Debug\breakMechanics.obj
         Debug\stdafx.obj
     1>breakMechanics.obj : warning LNK4075: ignoring '/EDITANDCONTINUE' due to '/SAFESEH' specification
         breakMechanics.vcxproj -> C:\Volatile\Development\Source\cpp\breakMechanics\Debug\breakMechanics.exe
       FinalizeBuildStatus:
         Deleting file "Debug\breakMechanics.unsuccessfulbuild".
         Touching "Debug\breakMechanics.lastbuildstate".
     1>Done Building Project "C:\Volatile\Development\Source\cpp\breakMechanics\breakMechanics\breakMechanics.vcxproj" (Rebuild target(s)).

Build succeeded.

Time Elapsed 00:00:02.05
