Build started 5/3/2012 1:07:50 PM.
     1>Project "C:\Volatile\Source\cpp\ManagedCallbacks\ManagedCallbacks.vcxproj" on node 2 (rebuild target(s)).
     1>InitializeBuildStatus:
         Creating "Debug\ManagedCallbacks.unsuccessfulbuild" because "AlwaysCreate" was specified.
       ClCompile:
         c:\Program Files (x86)\Microsoft Visual Studio 10.0\VC\bin\CL.exe /c /ZI /nologo /W3 /WX- /Od /Oy- /D WIN32 /D _DEBUG /D _WINDOWS /D _USRDLL /D MANAGEDCALLBACKS_EXPORTS /D _WINDLL /D _UNICODE /D UNICODE /Gm /EHsc /RTC1 /MDd /GS /fp:precise /Zc:wchar_t /Zc:forScope /Yc"StdAfx.h" /Fp"Debug\ManagedCallbacks.pch" /Fo"Debug\\" /Fd"Debug\vc100.pdb" /Gd /TP /analyze- /errorReport:prompt stdafx.cpp
         stdafx.cpp
         c:\Program Files (x86)\Microsoft Visual Studio 10.0\VC\bin\CL.exe /c /ZI /nologo /W3 /WX- /Od /Oy- /D WIN32 /D _DEBUG /D _WINDOWS /D _USRDLL /D MANAGEDCALLBACKS_EXPORTS /D _WINDLL /D _UNICODE /D UNICODE /Gm /EHsc /RTC1 /MDd /GS /fp:precise /Zc:wchar_t /Zc:forScope /Yu"StdAfx.h" /Fp"Debug\ManagedCallbacks.pch" /Fo"Debug\\" /Fd"Debug\vc100.pdb" /Gd /TP /analyze- /errorReport:prompt ManagedCallbacks.cpp
         ManagedCallbacks.cpp
       ManifestResourceCompile:
         C:\Program Files (x86)\Microsoft SDKs\Windows\v7.0A\bin\rc.exe /nologo /fo"Debug\ManagedCallbacks.dll.embed.manifest.res" Debug\ManagedCallbacks_manifest.rc 
       Link:
         c:\Program Files (x86)\Microsoft Visual Studio 10.0\VC\bin\link.exe /ERRORREPORT:PROMPT /OUT:"C:\Volatile\Source\cpp\ManagedCallbacks\Debug\ManagedCallbacks.dll" /INCREMENTAL /NOLOGO kernel32.lib user32.lib gdi32.lib winspool.lib comdlg32.lib advapi32.lib shell32.lib ole32.lib oleaut32.lib uuid.lib odbc32.lib odbccp32.lib /MANIFEST /ManifestFile:"Debug\ManagedCallbacks.dll.intermediate.manifest" /MANIFESTUAC:"level='asInvoker' uiAccess='false'" /DEBUG /PDB:"C:\Volatile\Source\cpp\ManagedCallbacks\Debug\ManagedCallbacks.pdb" /SUBSYSTEM:WINDOWS /TLBID:1 /DYNAMICBASE /NXCOMPAT /IMPLIB:"C:\Volatile\Source\cpp\ManagedCallbacks\Debug\ManagedCallbacks.lib" /MACHINE:X86 /DLL Debug\ManagedCallbacks.dll.embed.manifest.res
         Debug\ManagedCallbacks.obj
         Debug\stdafx.obj
            Creating library C:\Volatile\Source\cpp\ManagedCallbacks\Debug\ManagedCallbacks.lib and object C:\Volatile\Source\cpp\ManagedCallbacks\Debug\ManagedCallbacks.exp
       Manifest:
         Deleting file "Debug\ManagedCallbacks.dll.embed.manifest".
         C:\Program Files (x86)\Microsoft SDKs\Windows\v7.0A\bin\mt.exe /nologo /verbose /out:"Debug\ManagedCallbacks.dll.embed.manifest" /manifest Debug\ManagedCallbacks.dll.intermediate.manifest
         C:\Program Files (x86)\Microsoft SDKs\Windows\v7.0A\bin\rc.exe /nologo /fo"Debug\ManagedCallbacks.dll.embed.manifest.res" Debug\ManagedCallbacks_manifest.rc 
       LinkEmbedManifest:
         c:\Program Files (x86)\Microsoft Visual Studio 10.0\VC\bin\link.exe /ERRORREPORT:PROMPT /OUT:"C:\Volatile\Source\cpp\ManagedCallbacks\Debug\ManagedCallbacks.dll" /INCREMENTAL /NOLOGO kernel32.lib user32.lib gdi32.lib winspool.lib comdlg32.lib advapi32.lib shell32.lib ole32.lib oleaut32.lib uuid.lib odbc32.lib odbccp32.lib /MANIFEST /ManifestFile:"Debug\ManagedCallbacks.dll.intermediate.manifest" /MANIFESTUAC:"level='asInvoker' uiAccess='false'" /DEBUG /PDB:"C:\Volatile\Source\cpp\ManagedCallbacks\Debug\ManagedCallbacks.pdb" /SUBSYSTEM:WINDOWS /TLBID:1 /DYNAMICBASE /NXCOMPAT /IMPLIB:"C:\Volatile\Source\cpp\ManagedCallbacks\Debug\ManagedCallbacks.lib" /MACHINE:X86 /DLL Debug\ManagedCallbacks.dll.embed.manifest.res
         Debug\ManagedCallbacks.obj
         Debug\stdafx.obj
            Creating library C:\Volatile\Source\cpp\ManagedCallbacks\Debug\ManagedCallbacks.lib and object C:\Volatile\Source\cpp\ManagedCallbacks\Debug\ManagedCallbacks.exp
         ManagedCallbacks.vcxproj -> C:\Volatile\Source\cpp\ManagedCallbacks\Debug\ManagedCallbacks.dll
       FinalizeBuildStatus:
         Deleting file "Debug\ManagedCallbacks.unsuccessfulbuild".
         Touching "Debug\ManagedCallbacks.lastbuildstate".
     1>Done Building Project "C:\Volatile\Source\cpp\ManagedCallbacks\ManagedCallbacks.vcxproj" (rebuild target(s)).

Build succeeded.

Time Elapsed 00:00:03.81
