Build started 3/11/2013 1:10:30 PM.
     1>Project "C:\Volatile\Development\Source\csharp\ProCsharpExercises\NullPtrCPP\NullPtrCPP.vcxproj" on node 6 (build target(s)).
     1>InitializeBuildStatus:
         Creating "Debug\NullPtrCPP.unsuccessfulbuild" because "AlwaysCreate" was specified.
       GenerateTargetFrameworkMonikerAttribute:
       Skipping target "GenerateTargetFrameworkMonikerAttribute" because all output files are up-to-date with respect to the input files.
       ClCompile:
         All outputs are up-to-date.
         All outputs are up-to-date.
         All outputs are up-to-date.
       ResourceCompile:
         All outputs are up-to-date.
       Link:
         All outputs are up-to-date.
         NullPtrCPP.vcxproj -> C:\Volatile\Development\Source\csharp\ProCsharpExercises\Debug\NullPtrCPP.exe
       MetaGen:
       Skipping target "MetaGen" because all output files are up-to-date with respect to the input files.
       FinalizeBuildStatus:
         Deleting file "Debug\NullPtrCPP.unsuccessfulbuild".
         Touching "Debug\NullPtrCPP.lastbuildstate".
     1>Done Building Project "C:\Volatile\Development\Source\csharp\ProCsharpExercises\NullPtrCPP\NullPtrCPP.vcxproj" (build target(s)).

Build succeeded.

Time Elapsed 00:00:00.09
