C:\VOLATILE\SOURCE\CSHARP\PROCSHARPEXERCISES\DEBUG\NULLPTRCPP.EXE
C:\VOLATILE\SOURCE\CSHARP\PROCSHARPEXERCISES\DEBUG\NULLPTRCPP.ILK
C:\VOLATILE\SOURCE\CSHARP\PROCSHARPEXERCISES\DEBUG\NULLPTRCPP.PDB
C:\VOLATILE\SOURCE\CSHARP\PROCSHARPEXERCISES\NULLPTRCPP\DEBUG\.NETFRAMEWORK,VERSION=V4.0.ASSEMBLYATTRIBUTES.OBJ
C:\VOLATILE\SOURCE\CSHARP\PROCSHARPEXERCISES\NULLPTRCPP\DEBUG\APP.RES
C:\VOLATILE\SOURCE\CSHARP\PROCSHARPEXERCISES\NULLPTRCPP\DEBUG\ASSEMBLYINFO.OBJ
C:\Volatile\Source\csharp\ProCsharpExercises\NullPtrCPP\Debug\cl.command.1.tlog
C:\Volatile\Source\csharp\ProCsharpExercises\NullPtrCPP\Debug\CL.read.1.tlog
C:\Volatile\Source\csharp\ProCsharpExercises\NullPtrCPP\Debug\CL.write.1.tlog
C:\Volatile\Source\csharp\ProCsharpExercises\NullPtrCPP\Debug\link.7576.read.1.tlog
C:\Volatile\Source\csharp\ProCsharpExercises\NullPtrCPP\Debug\link.7576.write.1.tlog
C:\Volatile\Source\csharp\ProCsharpExercises\NullPtrCPP\Debug\link.7576-cvtres.read.1.tlog
C:\Volatile\Source\csharp\ProCsharpExercises\NullPtrCPP\Debug\link.7576-cvtres.write.1.tlog
C:\Volatile\Source\csharp\ProCsharpExercises\NullPtrCPP\Debug\link.command.1.tlog
C:\Volatile\Source\csharp\ProCsharpExercises\NullPtrCPP\Debug\link.read.1.tlog
C:\Volatile\Source\csharp\ProCsharpExercises\NullPtrCPP\Debug\link.write.1.tlog
C:\Volatile\Source\csharp\ProCsharpExercises\NullPtrCPP\Debug\metagen.read.1.tlog
C:\Volatile\Source\csharp\ProCsharpExercises\NullPtrCPP\Debug\metagen.write.1.tlog
C:\Volatile\Source\csharp\ProCsharpExercises\NullPtrCPP\Debug\mt.command.1.tlog
C:\Volatile\Source\csharp\ProCsharpExercises\NullPtrCPP\Debug\mt.read.1.tlog
C:\Volatile\Source\csharp\ProCsharpExercises\NullPtrCPP\Debug\mt.write.1.tlog
C:\VOLATILE\SOURCE\CSHARP\PROCSHARPEXERCISES\NULLPTRCPP\DEBUG\NULLPTRCPP.EXE.INTERMEDIATE.MANIFEST
C:\VOLATILE\SOURCE\CSHARP\PROCSHARPEXERCISES\NULLPTRCPP\DEBUG\NULLPTRCPP.OBJ
C:\VOLATILE\SOURCE\CSHARP\PROCSHARPEXERCISES\NULLPTRCPP\DEBUG\NULLPTRCPP.PCH
C:\Volatile\Source\csharp\ProCsharpExercises\NullPtrCPP\Debug\NullPtrCPP.write.1.tlog
C:\Volatile\Source\csharp\ProCsharpExercises\NullPtrCPP\Debug\rc.command.1.tlog
C:\Volatile\Source\csharp\ProCsharpExercises\NullPtrCPP\Debug\rc.read.1.tlog
C:\Volatile\Source\csharp\ProCsharpExercises\NullPtrCPP\Debug\rc.write.1.tlog
C:\Volatile\Source\csharp\ProCsharpExercises\NullPtrCPP\Debug\RSAENH.DLL.bi
C:\VOLATILE\SOURCE\CSHARP\PROCSHARPEXERCISES\NULLPTRCPP\DEBUG\STDAFX.OBJ
C:\Volatile\Source\csharp\ProCsharpExercises\NullPtrCPP\Debug\TZRES.DLL.bi
C:\VOLATILE\SOURCE\CSHARP\PROCSHARPEXERCISES\NULLPTRCPP\DEBUG\VC100.PDB
