C:\DEVELOPMENT\SOURCE\CPP\COM_DCOM_EXAMPLE\COM_DCOM_EXAMPLE_SIMPLE\COM_DCOM_EXAMPLE_SIMPLE_I.C
C:\DEVELOPMENT\SOURCE\CPP\COM_DCOM_EXAMPLE\COM_DCOM_EXAMPLE_SIMPLE\COM_DCOM_EXAMPLE_SIMPLE_I.H
C:\DEVELOPMENT\SOURCE\CPP\COM_DCOM_EXAMPLE\COM_DCOM_EXAMPLE_SIMPLE\COM_DCOM_EXAMPLE_SIMPLE_P.C
C:\Development\SOURCE\cpp\COM_DCOM_Example\COM_DCOM_Example_Simple\Debug\cl.command.1.tlog
C:\Development\SOURCE\cpp\COM_DCOM_Example\COM_DCOM_Example_Simple\Debug\CL.read.1.tlog
C:\Development\SOURCE\cpp\COM_DCOM_Example\COM_DCOM_Example_Simple\Debug\CL.write.1.tlog
C:\DEVELOPMENT\SOURCE\CPP\COM_DCOM_EXAMPLE\COM_DCOM_EXAMPLE_SIMPLE\DEBUG\COM_DCOM_EXAMPLE_SIMPLE.DLL.EMBED.MANIFEST
C:\DEVELOPMENT\SOURCE\CPP\COM_DCOM_EXAMPLE\COM_DCOM_EXAMPLE_SIMPLE\DEBUG\COM_DCOM_EXAMPLE_SIMPLE.DLL.EMBED.MANIFEST.RES
C:\DEVELOPMENT\SOURCE\CPP\COM_DCOM_EXAMPLE\COM_DCOM_EXAMPLE_SIMPLE\DEBUG\COM_DCOM_EXAMPLE_SIMPLE.DLL.INTERMEDIATE.MANIFEST
C:\DEVELOPMENT\SOURCE\CPP\COM_DCOM_EXAMPLE\COM_DCOM_EXAMPLE_SIMPLE\DEBUG\COM_DCOM_EXAMPLE_SIMPLE.OBJ
C:\DEVELOPMENT\SOURCE\CPP\COM_DCOM_EXAMPLE\COM_DCOM_EXAMPLE_SIMPLE\DEBUG\COM_DCOM_EXAMPLE_SIMPLE.PCH
C:\DEVELOPMENT\SOURCE\CPP\COM_DCOM_EXAMPLE\COM_DCOM_EXAMPLE_SIMPLE\DEBUG\COM_DCOM_EXAMPLE_SIMPLE.RES
C:\DEVELOPMENT\SOURCE\CPP\COM_DCOM_EXAMPLE\COM_DCOM_EXAMPLE_SIMPLE\DEBUG\COM_DCOM_EXAMPLE_SIMPLE.TLB
C:\Development\SOURCE\cpp\COM_DCOM_Example\COM_DCOM_Example_Simple\Debug\COM_DCOM_Example_Simple.write.1.tlog
C:\DEVELOPMENT\SOURCE\CPP\COM_DCOM_EXAMPLE\COM_DCOM_EXAMPLE_SIMPLE\DEBUG\COM_DCOM_EXAMPLE_SIMPLE_I.OBJ
C:\Development\SOURCE\cpp\COM_DCOM_Example\COM_DCOM_Example_Simple\Debug\COM_DCOM_Example_Simple_manifest.rc
C:\DEVELOPMENT\SOURCE\CPP\COM_DCOM_EXAMPLE\COM_DCOM_EXAMPLE_SIMPLE\DEBUG\DLLMAIN.OBJ
C:\Development\SOURCE\cpp\COM_DCOM_Example\COM_DCOM_Example_Simple\Debug\link.command.1.tlog
C:\Development\SOURCE\cpp\COM_DCOM_Example\COM_DCOM_Example_Simple\Debug\link.read.1.tlog
C:\Development\SOURCE\cpp\COM_DCOM_Example\COM_DCOM_Example_Simple\Debug\link.write.1.tlog
C:\Development\SOURCE\cpp\COM_DCOM_Example\COM_DCOM_Example_Simple\Debug\link-cvtres.read.1.tlog
C:\Development\SOURCE\cpp\COM_DCOM_Example\COM_DCOM_Example_Simple\Debug\link-cvtres.write.1.tlog
C:\Development\SOURCE\cpp\COM_DCOM_Example\COM_DCOM_Example_Simple\Debug\midl.command.1.tlog
C:\Development\SOURCE\cpp\COM_DCOM_Example\COM_DCOM_Example_Simple\Debug\midl.read.1.tlog
C:\Development\SOURCE\cpp\COM_DCOM_Example\COM_DCOM_Example_Simple\Debug\midl.write.1.tlog
C:\Development\SOURCE\cpp\COM_DCOM_Example\COM_DCOM_Example_Simple\Debug\midl-midlc.read.1.tlog
C:\Development\SOURCE\cpp\COM_DCOM_Example\COM_DCOM_Example_Simple\Debug\midl-midlc.write.1.tlog
C:\Development\SOURCE\cpp\COM_DCOM_Example\COM_DCOM_Example_Simple\Debug\midl-midlc-cl.read.1.tlog
C:\Development\SOURCE\cpp\COM_DCOM_Example\COM_DCOM_Example_Simple\Debug\mt.command.1.tlog
C:\Development\SOURCE\cpp\COM_DCOM_Example\COM_DCOM_Example_Simple\Debug\mt.read.1.tlog
C:\Development\SOURCE\cpp\COM_DCOM_Example\COM_DCOM_Example_Simple\Debug\mt.write.1.tlog
C:\Development\SOURCE\cpp\COM_DCOM_Example\COM_DCOM_Example_Simple\Debug\rc.command.1.tlog
C:\Development\SOURCE\cpp\COM_DCOM_Example\COM_DCOM_Example_Simple\Debug\rc.read.1.tlog
C:\Development\SOURCE\cpp\COM_DCOM_Example\COM_DCOM_Example_Simple\Debug\rc.write.1.tlog
C:\DEVELOPMENT\SOURCE\CPP\COM_DCOM_EXAMPLE\COM_DCOM_EXAMPLE_SIMPLE\DEBUG\SIMPLECHATSERVER.OBJ
C:\DEVELOPMENT\SOURCE\CPP\COM_DCOM_EXAMPLE\COM_DCOM_EXAMPLE_SIMPLE\DEBUG\STDAFX.OBJ
C:\Development\SOURCE\cpp\COM_DCOM_Example\COM_DCOM_Example_Simple\Debug\vc100.idb
C:\DEVELOPMENT\SOURCE\CPP\COM_DCOM_EXAMPLE\COM_DCOM_EXAMPLE_SIMPLE\DEBUG\VC100.PDB
C:\DEVELOPMENT\SOURCE\CPP\COM_DCOM_EXAMPLE\DEBUG\COM_DCOM_EXAMPLE_SIMPLE.DLL
C:\Development\SOURCE\cpp\COM_DCOM_Example\Debug\COM_DCOM_Example_Simple.exp
C:\DEVELOPMENT\SOURCE\CPP\COM_DCOM_EXAMPLE\DEBUG\COM_DCOM_EXAMPLE_SIMPLE.ILK
C:\Development\SOURCE\cpp\COM_DCOM_Example\Debug\COM_DCOM_Example_Simple.lib
C:\DEVELOPMENT\SOURCE\CPP\COM_DCOM_EXAMPLE\DEBUG\COM_DCOM_EXAMPLE_SIMPLE.PDB
