Build started 1/23/2014 4:06:33 PM.
     1>Project "C:\Volatile\Development\Source\cpp\InterviewCode\Interview2WithPointer\Interview2WithPointer.vcxproj" on node 3 (rebuild target(s)).
     1>InitializeBuildStatus:
         Creating "Debug\Interview2WithPointer.unsuccessfulbuild" because "AlwaysCreate" was specified.
       ClCompile:
         C:\Program Files (x86)\Microsoft Visual Studio 10.0\VC\bin\CL.exe /c /ZI /nologo /W3 /WX- /Od /Oy- /D WIN32 /D _DEBUG /D _CONSOLE /D _UNICODE /D UNICODE /Gm /EHsc /RTC1 /MDd /GS /fp:precise /Zc:wchar_t /Zc:forScope /Yc"StdAfx.h" /Fp"Debug\Interview2WithPointer.pch" /Fo"Debug\\" /Fd"Debug\vc100.pdb" /Gd /TP /analyze- /errorReport:prompt stdafx.cpp
         stdafx.cpp
         C:\Program Files (x86)\Microsoft Visual Studio 10.0\VC\bin\CL.exe /c /ZI /nologo /W3 /WX- /Od /Oy- /D WIN32 /D _DEBUG /D _CONSOLE /D _UNICODE /D UNICODE /Gm /EHsc /RTC1 /MDd /GS /fp:precise /Zc:wchar_t /Zc:forScope /Yu"StdAfx.h" /Fp"Debug\Interview2WithPointer.pch" /Fo"Debug\\" /Fd"Debug\vc100.pdb" /Gd /TP /analyze- /errorReport:prompt Interview2WithPointer.cpp
         Interview2WithPointer.cpp
       ManifestResourceCompile:
         C:\Program Files (x86)\Microsoft SDKs\Windows\v7.0A\bin\rc.exe /nologo /fo"Debug\Interview2WithPointer.exe.embed.manifest.res" Debug\Interview2WithPointer_manifest.rc 
       Link:
         C:\Program Files (x86)\Microsoft Visual Studio 10.0\VC\bin\link.exe /ERRORREPORT:PROMPT /OUT:"C:\Volatile\Development\Source\cpp\InterviewCode\Debug\Interview2WithPointer.exe" /INCREMENTAL /NOLOGO kernel32.lib user32.lib gdi32.lib winspool.lib comdlg32.lib advapi32.lib shell32.lib ole32.lib oleaut32.lib uuid.lib odbc32.lib odbccp32.lib /MANIFEST /ManifestFile:"Debug\Interview2WithPointer.exe.intermediate.manifest" /MANIFESTUAC:"level='asInvoker' uiAccess='false'" /DEBUG /PDB:"C:\Volatile\Development\Source\cpp\InterviewCode\Debug\Interview2WithPointer.pdb" /SUBSYSTEM:CONSOLE /TLBID:1 /DYNAMICBASE /NXCOMPAT /IMPLIB:"C:\Volatile\Development\Source\cpp\InterviewCode\Debug\Interview2WithPointer.lib" /MACHINE:X86 Debug\Interview2WithPointer.exe.embed.manifest.res
         Debug\Interview2WithPointer.obj
         Debug\stdafx.obj
       Manifest:
         Deleting file "Debug\Interview2WithPointer.exe.embed.manifest".
         C:\Program Files (x86)\Microsoft SDKs\Windows\v7.0A\bin\mt.exe /nologo /verbose /out:"Debug\Interview2WithPointer.exe.embed.manifest" /manifest Debug\Interview2WithPointer.exe.intermediate.manifest
         C:\Program Files (x86)\Microsoft SDKs\Windows\v7.0A\bin\rc.exe /nologo /fo"Debug\Interview2WithPointer.exe.embed.manifest.res" Debug\Interview2WithPointer_manifest.rc 
       LinkEmbedManifest:
         C:\Program Files (x86)\Microsoft Visual Studio 10.0\VC\bin\link.exe /ERRORREPORT:PROMPT /OUT:"C:\Volatile\Development\Source\cpp\InterviewCode\Debug\Interview2WithPointer.exe" /INCREMENTAL /NOLOGO kernel32.lib user32.lib gdi32.lib winspool.lib comdlg32.lib advapi32.lib shell32.lib ole32.lib oleaut32.lib uuid.lib odbc32.lib odbccp32.lib /MANIFEST /ManifestFile:"Debug\Interview2WithPointer.exe.intermediate.manifest" /MANIFESTUAC:"level='asInvoker' uiAccess='false'" /DEBUG /PDB:"C:\Volatile\Development\Source\cpp\InterviewCode\Debug\Interview2WithPointer.pdb" /SUBSYSTEM:CONSOLE /TLBID:1 /DYNAMICBASE /NXCOMPAT /IMPLIB:"C:\Volatile\Development\Source\cpp\InterviewCode\Debug\Interview2WithPointer.lib" /MACHINE:X86 Debug\Interview2WithPointer.exe.embed.manifest.res
         Debug\Interview2WithPointer.obj
         Debug\stdafx.obj
         Interview2WithPointer.vcxproj -> C:\Volatile\Development\Source\cpp\InterviewCode\Debug\Interview2WithPointer.exe
       FinalizeBuildStatus:
         Deleting file "Debug\Interview2WithPointer.unsuccessfulbuild".
         Touching "Debug\Interview2WithPointer.lastbuildstate".
     1>Done Building Project "C:\Volatile\Development\Source\cpp\InterviewCode\Interview2WithPointer\Interview2WithPointer.vcxproj" (rebuild target(s)).

Build succeeded.

Time Elapsed 00:00:02.64
