Build started 6/25/2014 2:57:00 PM.
     1>Project "C:\Volatile\Development\Source\cpp\COM_noRegistration\MicrosoftExample\SideBySide CPP\SideBySide.vcxproj" on node 2 (Rebuild target(s)).
     1>_PrepareForClean:
         Deleting file "Debug\SideBySide.lastbuildstate".
       InitializeBuildStatus:
         Touching "Debug\SideBySide.unsuccessfulbuild".
       Midl:
         C:\Program Files (x86)\Windows Kits\8.0\bin\x86\midl.exe /D _DEBUG /W1 /nologo /char signed /env win32 /Oicf /h "SideBySide.h" /iid "SideBySide_i.c" /proxy "SideBySide_p.c" /tlb "Debug\SideBySide.tlb" SideBySide.idl 
         Processing .\SideBySide.idl
         SideBySide.idl
         Processing C:\Program Files (x86)\Windows Kits\8.0\Include\um\oaidl.idl
         oaidl.idl
         Processing C:\Program Files (x86)\Windows Kits\8.0\Include\um\objidl.idl
         objidl.idl
         Processing C:\Program Files (x86)\Windows Kits\8.0\Include\um\unknwn.idl
         unknwn.idl
         Processing C:\Program Files (x86)\Windows Kits\8.0\Include\shared\wtypes.idl
         wtypes.idl
         Processing C:\Program Files (x86)\Windows Kits\8.0\Include\shared\wtypesbase.idl
         wtypesbase.idl
         Processing C:\Program Files (x86)\Windows Kits\8.0\Include\shared\basetsd.h
         basetsd.h
         Processing C:\Program Files (x86)\Windows Kits\8.0\Include\shared\guiddef.h
         guiddef.h
         Processing C:\Program Files (x86)\Windows Kits\8.0\Include\um\ocidl.idl
         ocidl.idl
         Processing C:\Program Files (x86)\Windows Kits\8.0\Include\um\oleidl.idl
         oleidl.idl
         Processing C:\Program Files (x86)\Windows Kits\8.0\Include\um\servprov.idl
         servprov.idl
         Processing C:\Program Files (x86)\Windows Kits\8.0\Include\um\urlmon.idl
         urlmon.idl
         Processing C:\Program Files (x86)\Windows Kits\8.0\Include\um\msxml.idl
         msxml.idl
         Processing C:\Program Files (x86)\Windows Kits\8.0\Include\um\oaidl.acf
         oaidl.acf
         Processing C:\Program Files (x86)\Windows Kits\8.0\Include\um\ocidl.acf
         ocidl.acf
       ClCompile:
         C:\Program Files (x86)\Microsoft Visual Studio 11.0\VC\bin\CL.exe /c /ZI /nologo /W3 /WX- /Od /Oy- /D WIN32 /D _WINDOWS /D _DEBUG /D _USRDLL /D _MERGE_PROXYSTUB /D _WINDLL /D _MBCS /D _ATL_STATIC_REGISTRY /Gm /EHsc /RTC1 /MDd /GS /fp:precise /Zc:wchar_t /Zc:forScope /Yc"stdafx.h" /Fp"Debug\SideBySide.pch" /Fo"Debug\\" /Fd"Debug\vc110.pdb" /Gd /TP /analyze- /errorReport:prompt stdafx.cpp
         stdafx.cpp
         C:\Program Files (x86)\Microsoft Visual Studio 11.0\VC\bin\CL.exe /c /ZI /nologo /W3 /WX- /Od /Oy- /D WIN32 /D _WINDOWS /D _DEBUG /D _USRDLL /D _MERGE_PROXYSTUB /D _WINDLL /D _MBCS /D _ATL_STATIC_REGISTRY /Gm /EHsc /RTC1 /MDd /GS /fp:precise /Zc:wchar_t /Zc:forScope /Fo"Debug\\" /Fd"Debug\vc110.pdb" /Gd /TC /analyze- /errorReport:prompt dlldatax.c SideBySide_i.c
         SideBySide_i.c
         dlldatax.c
         Generating Code...
         C:\Program Files (x86)\Microsoft Visual Studio 11.0\VC\bin\CL.exe /c /ZI /nologo /W3 /WX- /Od /Oy- /D WIN32 /D _WINDOWS /D _DEBUG /D _USRDLL /D _MERGE_PROXYSTUB /D _WINDLL /D _MBCS /D _ATL_STATIC_REGISTRY /Gm /EHsc /RTC1 /MDd /GS /fp:precise /Zc:wchar_t /Zc:forScope /Yu"stdafx.h" /Fp"Debug\SideBySide.pch" /Fo"Debug\\" /Fd"Debug\vc110.pdb" /Gd /TP /analyze- /errorReport:prompt SideBySide.cpp SideBySideClass.cpp
         SideBySideClass.cpp
         SideBySide.cpp
         Generating Code...
       ResourceCompile:
         C:\Program Files (x86)\Windows Kits\8.0\bin\x86\rc.exe /D _DEBUG /l"0x0809" /IDebug\ /nologo /fo"Debug\SideBySide.res" SideBySide.rc 
       Link:
         C:\Program Files (x86)\Microsoft Visual Studio 11.0\VC\bin\link.exe /ERRORREPORT:PROMPT /OUT:"..\deployed\SideBySide.dll" /INCREMENTAL /NOLOGO kernel32.lib user32.lib gdi32.lib winspool.lib comdlg32.lib advapi32.lib shell32.lib ole32.lib oleaut32.lib uuid.lib odbc32.lib odbccp32.lib /DEF:".\SideBySide.def" /MANIFEST /ManifestFile:"Debug\SideBySide.dll.intermediate.manifest" /MANIFESTUAC:NO /DEBUG /PDB:"..\deployed\SideBySide.pdb" /SUBSYSTEM:WINDOWS /TLBID:1 /DYNAMICBASE /NXCOMPAT /IMPLIB:"..\deployed\SideBySide.lib" /MACHINE:X86 /SAFESEH /DLL Debug\SideBySide.res
         Debug\dlldatax.obj
         Debug\SideBySide.obj
         Debug\SideBySideClass.obj
         Debug\stdafx.obj
         Debug\SideBySide_i.obj
     1>dlldatax.obj : warning LNK4075: ignoring '/EDITANDCONTINUE' due to '/SAFESEH' specification
            Creating library ..\deployed\SideBySide.lib and object ..\deployed\SideBySide.exp
         SideBySide.vcxproj -> C:\Volatile\Development\Source\cpp\COM_noRegistration\MicrosoftExample\SideBySide CPP\..\deployed\SideBySide.dll
       Manifest:
         C:\Program Files (x86)\Windows Kits\8.0\bin\x86\mt.exe /nologo /verbose /out:"..\deployed\SideBySide.X.manifest" /manifest SideBySide.X.manifest Debug\SideBySide.dll.intermediate.manifest
       PostBuildEvent:
         Description: Performing registration
         regsvr32 /s /c "C:\Volatile\Development\Source\cpp\COM_noRegistration\MicrosoftExample\SideBySide CPP\..\deployed\SideBySide.dll"
         :VCEnd
     1>C:\Program Files (x86)\MSBuild\Microsoft.Cpp\v4.0\V110\Microsoft.CppCommon.targets(134,5): error MSB3075: The command "regsvr32 /s /c "C:\Volatile\Development\Source\cpp\COM_noRegistration\MicrosoftExample\SideBySide CPP\..\deployed\SideBySide.dll"
C:\Program Files (x86)\MSBuild\Microsoft.Cpp\v4.0\V110\Microsoft.CppCommon.targets(134,5): error MSB3075: :VCEnd" exited with code 5. Please verify that you have sufficient rights to run this command.
     1>Done Building Project "C:\Volatile\Development\Source\cpp\COM_noRegistration\MicrosoftExample\SideBySide CPP\SideBySide.vcxproj" (Rebuild target(s)) -- FAILED.

Build FAILED.

Time Elapsed 00:00:07.03
