C:\VOLATILE\DEVELOPMENT\SOURCE\CPP\COM_NOREGISTRATION\MICROSOFTEXAMPLE\SIDEBYSIDE CPP\DEBUG\SIDEBYSIDE.X.PCH
C:\VOLATILE\DEVELOPMENT\SOURCE\CPP\COM_NOREGISTRATION\MICROSOFTEXAMPLE\SIDEBYSIDE CPP\DEBUG\STDAFX.OBJ
C:\VOLATILE\DEVELOPMENT\SOURCE\CPP\COM_NOREGISTRATION\MICROSOFTEXAMPLE\SIDEBYSIDE CPP\DEBUG\VC110.PDB
C:\VOLATILE\DEVELOPMENT\SOURCE\CPP\COM_NOREGISTRATION\MICROSOFTEXAMPLE\SIDEBYSIDE CPP\DEBUG\DLLDATAX.OBJ
C:\VOLATILE\DEVELOPMENT\SOURCE\CPP\COM_NOREGISTRATION\MICROSOFTEXAMPLE\SIDEBYSIDE CPP\DEBUG\SIDEBYSIDE_I.OBJ
C:\VOLATILE\DEVELOPMENT\SOURCE\CPP\COM_NOREGISTRATION\MICROSOFTEXAMPLE\SIDEBYSIDE CPP\DEBUG\SIDEBYSIDE.OBJ
C:\VOLATILE\DEVELOPMENT\SOURCE\CPP\COM_NOREGISTRATION\MICROSOFTEXAMPLE\SIDEBYSIDE CPP\DEBUG\SIDEBYSIDECLASS.OBJ
C:\VOLATILE\DEVELOPMENT\SOURCE\CPP\COM_NOREGISTRATION\MICROSOFTEXAMPLE\DEPLOYED\SIDEBYSIDE.ILK
C:\VOLATILE\DEVELOPMENT\SOURCE\CPP\COM_NOREGISTRATION\MICROSOFTEXAMPLE\DEPLOYED\SIDEBYSIDE.DLL
C:\VOLATILE\DEVELOPMENT\SOURCE\CPP\COM_NOREGISTRATION\MICROSOFTEXAMPLE\SIDEBYSIDE CPP\DEBUG\SIDEBYSIDE.X.DLL.INTERMEDIATE.MANIFEST
C:\VOLATILE\DEVELOPMENT\SOURCE\CPP\COM_NOREGISTRATION\MICROSOFTEXAMPLE\DEPLOYED\SIDEBYSIDE.X.PDB
C:\VOLATILE\DEVELOPMENT\SOURCE\CPP\COM_NOREGISTRATION\MICROSOFTEXAMPLE\SIDEBYSIDE CPP\DEBUG\SIDEBYSIDE.TLB
C:\VOLATILE\DEVELOPMENT\SOURCE\CPP\COM_NOREGISTRATION\MICROSOFTEXAMPLE\SIDEBYSIDE CPP\SIDEBYSIDE_P.C
C:\VOLATILE\DEVELOPMENT\SOURCE\CPP\COM_NOREGISTRATION\MICROSOFTEXAMPLE\SIDEBYSIDE CPP\SIDEBYSIDE_I.C
C:\VOLATILE\DEVELOPMENT\SOURCE\CPP\COM_NOREGISTRATION\MICROSOFTEXAMPLE\SIDEBYSIDE CPP\SIDEBYSIDE.H
C:\VOLATILE\DEVELOPMENT\SOURCE\CPP\COM_NOREGISTRATION\MICROSOFTEXAMPLE\DEPLOYED\SIDEBYSIDE.X.MANIFEST
C:\VOLATILE\DEVELOPMENT\SOURCE\CPP\COM_NOREGISTRATION\MICROSOFTEXAMPLE\SIDEBYSIDE CPP\DEBUG\SIDEBYSIDE.RES
C:\Volatile\Development\Source\cpp\COM_noRegistration\MicrosoftExample\deployed\SideBySide.lib
C:\Volatile\Development\Source\cpp\COM_noRegistration\MicrosoftExample\deployed\SideBySide.exp
C:\Volatile\Development\Source\cpp\COM_noRegistration\MicrosoftExample\SideBySide CPP\Debug\dlldatax.obj
C:\Volatile\Development\Source\cpp\COM_noRegistration\MicrosoftExample\SideBySide CPP\Debug\SideBySide.obj
C:\Volatile\Development\Source\cpp\COM_noRegistration\MicrosoftExample\SideBySide CPP\Debug\SideBySideClass.obj
C:\Volatile\Development\Source\cpp\COM_noRegistration\MicrosoftExample\SideBySide CPP\Debug\SideBySide_i.obj
C:\Volatile\Development\Source\cpp\COM_noRegistration\MicrosoftExample\SideBySide CPP\Debug\stdafx.obj
C:\Volatile\Development\Source\cpp\COM_noRegistration\MicrosoftExample\SideBySide CPP\Debug\SideBySide.tlb
C:\Volatile\Development\Source\cpp\COM_noRegistration\MicrosoftExample\SideBySide CPP\Debug\cl.command.1.tlog
C:\Volatile\Development\Source\cpp\COM_noRegistration\MicrosoftExample\SideBySide CPP\Debug\CL.read.1.tlog
C:\Volatile\Development\Source\cpp\COM_noRegistration\MicrosoftExample\SideBySide CPP\Debug\CL.write.1.tlog
C:\Volatile\Development\Source\cpp\COM_noRegistration\MicrosoftExample\SideBySide CPP\Debug\link-cvtres.read.1.tlog
C:\Volatile\Development\Source\cpp\COM_noRegistration\MicrosoftExample\SideBySide CPP\Debug\link-cvtres.write.1.tlog
C:\Volatile\Development\Source\cpp\COM_noRegistration\MicrosoftExample\SideBySide CPP\Debug\link.command.1.tlog
C:\Volatile\Development\Source\cpp\COM_noRegistration\MicrosoftExample\SideBySide CPP\Debug\link.read.1.tlog
C:\Volatile\Development\Source\cpp\COM_noRegistration\MicrosoftExample\SideBySide CPP\Debug\link.write.1.tlog
C:\Volatile\Development\Source\cpp\COM_noRegistration\MicrosoftExample\SideBySide CPP\Debug\midl-midlc-cl.read.1.tlog
C:\Volatile\Development\Source\cpp\COM_noRegistration\MicrosoftExample\SideBySide CPP\Debug\midl-midlc.read.1.tlog
C:\Volatile\Development\Source\cpp\COM_noRegistration\MicrosoftExample\SideBySide CPP\Debug\midl-midlc.write.1.tlog
C:\Volatile\Development\Source\cpp\COM_noRegistration\MicrosoftExample\SideBySide CPP\Debug\midl.command.1.tlog
C:\Volatile\Development\Source\cpp\COM_noRegistration\MicrosoftExample\SideBySide CPP\Debug\midl.read.1.tlog
C:\Volatile\Development\Source\cpp\COM_noRegistration\MicrosoftExample\SideBySide CPP\Debug\midl.write.1.tlog
C:\Volatile\Development\Source\cpp\COM_noRegistration\MicrosoftExample\SideBySide CPP\Debug\mt.command.1.tlog
C:\Volatile\Development\Source\cpp\COM_noRegistration\MicrosoftExample\SideBySide CPP\Debug\mt.read.1.tlog
C:\Volatile\Development\Source\cpp\COM_noRegistration\MicrosoftExample\SideBySide CPP\Debug\mt.write.1.tlog
C:\Volatile\Development\Source\cpp\COM_noRegistration\MicrosoftExample\SideBySide CPP\Debug\rc.command.1.tlog
C:\Volatile\Development\Source\cpp\COM_noRegistration\MicrosoftExample\SideBySide CPP\Debug\rc.read.1.tlog
C:\Volatile\Development\Source\cpp\COM_noRegistration\MicrosoftExample\SideBySide CPP\Debug\rc.write.1.tlog
C:\Volatile\Development\Source\cpp\COM_noRegistration\MicrosoftExample\SideBySide CPP\Debug\SideBySide.X.write.1.tlog
C:\Volatile\Development\Source\cpp\COM_noRegistration\MicrosoftExample\SideBySide CPP\Debug\SideBySide.X.dll.intermediate.manifest
C:\Volatile\Development\Source\cpp\COM_noRegistration\MicrosoftExample\SideBySide CPP\Debug\SideBySide.res
C:\Volatile\Development\Source\cpp\COM_noRegistration\MicrosoftExample\SideBySide CPP\Debug\SideBySide.X.pch
C:\Volatile\Development\Source\cpp\COM_noRegistration\MicrosoftExample\SideBySide CPP\Debug\vc110.idb
C:\Volatile\Development\Source\cpp\COM_noRegistration\MicrosoftExample\SideBySide CPP\Debug\vc110.pdb
