Build started 5/10/2012 2:33:20 PM.
     1>Project "C:\Volatile\Source\cpp\ManagedUnmanagedPerformanceAnalysis\ManagedUnmanagedCPP\ManagedUnmanagedCPP\ManagedUnmanagedCPP.vcxproj" on node 2 (build target(s)).
     1>InitializeBuildStatus:
         Touching "Debug\ManagedUnmanagedCPP.unsuccessfulbuild".
       GenerateTargetFrameworkMonikerAttribute:
       Skipping target "GenerateTargetFrameworkMonikerAttribute" because all output files are up-to-date with respect to the input files.
       ClCompile:
         All outputs are up-to-date.
         c:\Program Files (x86)\Microsoft Visual Studio 10.0\VC\bin\CL.exe /c /AI"C:\Program Files (x86)\Reference Assemblies\Microsoft\Framework\.NETFramework\v4.0" /Zi /nologo /W3 /WX- /Od /Oy- /D WIN32 /D _DEBUG /D _UNICODE /D UNICODE /EHa /MDd /GS /fp:precise /Zc:wchar_t /Zc:forScope /Fo"Debug\\" /Fd"Debug\vc100.pdb" /TP /analyze- /errorReport:prompt UnmanagedPiece.cpp /clr:nostdlib 
         UnmanagedPiece.cpp
         All outputs are up-to-date.
       ResourceCompile:
         All outputs are up-to-date.
       Link:
         c:\Program Files (x86)\Microsoft Visual Studio 10.0\VC\bin\link.exe /ERRORREPORT:PROMPT /OUT:"C:\Volatile\Source\cpp\ManagedUnmanagedPerformanceAnalysis\ManagedUnmanagedCPP\Debug\ManagedUnmanagedCPP.exe" /INCREMENTAL /NOLOGO /MANIFEST /ManifestFile:"Debug\ManagedUnmanagedCPP.exe.intermediate.manifest" /MANIFESTUAC:"level='asInvoker' uiAccess='false'" /DEBUG /PDB:"C:\Volatile\Source\cpp\ManagedUnmanagedPerformanceAnalysis\ManagedUnmanagedCPP\Debug\ManagedUnmanagedCPP.pdb" /ASSEMBLYDEBUG /TLBID:1 /DYNAMICBASE /FIXED:NO /NXCOMPAT /MACHINE:X86 Debug\app.res
         Debug\AssemblyInfo.obj
         Debug\ManagedUnmanagedCPP.obj
         Debug\UnmanagedPiece.obj
         "Debug\.NETFramework,Version=v4.0.AssemblyAttributes.obj"
         ManagedUnmanagedCPP.vcxproj -> C:\Volatile\Source\cpp\ManagedUnmanagedPerformanceAnalysis\ManagedUnmanagedCPP\Debug\ManagedUnmanagedCPP.exe
       Manifest:
         C:\Program Files (x86)\Microsoft SDKs\Windows\v7.0A\bin\mt.exe /nologo /verbose /outputresource:"C:\Volatile\Source\cpp\ManagedUnmanagedPerformanceAnalysis\ManagedUnmanagedCPP\Debug\ManagedUnmanagedCPP.exe;#1" /manifest Debug\ManagedUnmanagedCPP.exe.intermediate.manifest
       FinalizeBuildStatus:
         Deleting file "Debug\ManagedUnmanagedCPP.unsuccessfulbuild".
         Touching "Debug\ManagedUnmanagedCPP.lastbuildstate".
     1>Done Building Project "C:\Volatile\Source\cpp\ManagedUnmanagedPerformanceAnalysis\ManagedUnmanagedCPP\ManagedUnmanagedCPP\ManagedUnmanagedCPP.vcxproj" (build target(s)).

Build succeeded.

Time Elapsed 00:00:02.92
