Build started 1/23/2014 4:06:33 PM.
     1>Project "C:\Volatile\Development\Source\cpp\InterviewCode\InterviewCode\InterviewCode.vcxproj" on node 2 (rebuild target(s)).
     1>InitializeBuildStatus:
         Creating "Debug\InterviewCode.unsuccessfulbuild" because "AlwaysCreate" was specified.
       ClCompile:
         C:\Program Files (x86)\Microsoft Visual Studio 10.0\VC\bin\CL.exe /c /ZI /nologo /W3 /WX- /Od /Oy- /D WIN32 /D _DEBUG /D _CONSOLE /D _UNICODE /D UNICODE /Gm /EHsc /RTC1 /MDd /GS /fp:precise /Zc:wchar_t /Zc:forScope /Yc"StdAfx.h" /Fp"Debug\InterviewCode.pch" /Fo"Debug\\" /Fd"Debug\vc100.pdb" /Gd /TP /analyze- /errorReport:prompt stdafx.cpp
         stdafx.cpp
         C:\Program Files (x86)\Microsoft Visual Studio 10.0\VC\bin\CL.exe /c /ZI /nologo /W3 /WX- /Od /Oy- /D WIN32 /D _DEBUG /D _CONSOLE /D _UNICODE /D UNICODE /Gm /EHsc /RTC1 /MDd /GS /fp:precise /Zc:wchar_t /Zc:forScope /Yu"StdAfx.h" /Fp"Debug\InterviewCode.pch" /Fo"Debug\\" /Fd"Debug\vc100.pdb" /Gd /TP /analyze- /errorReport:prompt InterviewCode.cpp
         InterviewCode.cpp
       ManifestResourceCompile:
         C:\Program Files (x86)\Microsoft SDKs\Windows\v7.0A\bin\rc.exe /nologo /fo"Debug\InterviewCode.exe.embed.manifest.res" Debug\InterviewCode_manifest.rc 
       Link:
         C:\Program Files (x86)\Microsoft Visual Studio 10.0\VC\bin\link.exe /ERRORREPORT:PROMPT /OUT:"C:\Volatile\Development\Source\cpp\InterviewCode\Debug\InterviewCode.exe" /INCREMENTAL /NOLOGO kernel32.lib user32.lib gdi32.lib winspool.lib comdlg32.lib advapi32.lib shell32.lib ole32.lib oleaut32.lib uuid.lib odbc32.lib odbccp32.lib /MANIFEST /ManifestFile:"Debug\InterviewCode.exe.intermediate.manifest" /MANIFESTUAC:"level='asInvoker' uiAccess='false'" /DEBUG /PDB:"C:\Volatile\Development\Source\cpp\InterviewCode\Debug\InterviewCode.pdb" /SUBSYSTEM:CONSOLE /TLBID:1 /DYNAMICBASE /NXCOMPAT /IMPLIB:"C:\Volatile\Development\Source\cpp\InterviewCode\Debug\InterviewCode.lib" /MACHINE:X86 Debug\InterviewCode.exe.embed.manifest.res
         Debug\InterviewCode.obj
         Debug\stdafx.obj
       Manifest:
         Deleting file "Debug\InterviewCode.exe.embed.manifest".
         C:\Program Files (x86)\Microsoft SDKs\Windows\v7.0A\bin\mt.exe /nologo /verbose /out:"Debug\InterviewCode.exe.embed.manifest" /manifest Debug\InterviewCode.exe.intermediate.manifest
         C:\Program Files (x86)\Microsoft SDKs\Windows\v7.0A\bin\rc.exe /nologo /fo"Debug\InterviewCode.exe.embed.manifest.res" Debug\InterviewCode_manifest.rc 
       LinkEmbedManifest:
         C:\Program Files (x86)\Microsoft Visual Studio 10.0\VC\bin\link.exe /ERRORREPORT:PROMPT /OUT:"C:\Volatile\Development\Source\cpp\InterviewCode\Debug\InterviewCode.exe" /INCREMENTAL /NOLOGO kernel32.lib user32.lib gdi32.lib winspool.lib comdlg32.lib advapi32.lib shell32.lib ole32.lib oleaut32.lib uuid.lib odbc32.lib odbccp32.lib /MANIFEST /ManifestFile:"Debug\InterviewCode.exe.intermediate.manifest" /MANIFESTUAC:"level='asInvoker' uiAccess='false'" /DEBUG /PDB:"C:\Volatile\Development\Source\cpp\InterviewCode\Debug\InterviewCode.pdb" /SUBSYSTEM:CONSOLE /TLBID:1 /DYNAMICBASE /NXCOMPAT /IMPLIB:"C:\Volatile\Development\Source\cpp\InterviewCode\Debug\InterviewCode.lib" /MACHINE:X86 Debug\InterviewCode.exe.embed.manifest.res
         Debug\InterviewCode.obj
         Debug\stdafx.obj
         InterviewCode.vcxproj -> C:\Volatile\Development\Source\cpp\InterviewCode\Debug\InterviewCode.exe
       FinalizeBuildStatus:
         Deleting file "Debug\InterviewCode.unsuccessfulbuild".
         Touching "Debug\InterviewCode.lastbuildstate".
     1>Done Building Project "C:\Volatile\Development\Source\cpp\InterviewCode\InterviewCode\InterviewCode.vcxproj" (rebuild target(s)).

Build succeeded.

Time Elapsed 00:00:02.63
