v_top_hier_node,1,v_top_hier_node,1,'N'
v_top_hier_node,1,v_year1997,2,'Y'
v_top_hier_node,1,v_Q4_1997,3,'N'
v_top_hier_node,1,v_M12_1997,4,'N'
v_top_hier_node,1,v_year1998,2,'Y'
v_top_hier_node,1,v_Q1_1998,3,'N'
v_top_hier_node,1,v_M01_1998,4,'N'
v_top_hier_node,1,v_M02_1998,4,'N'
v_top_hier_node,1,v_M03_1998,4,'N'
v_top_hier_node,1,v_Q2_1998,3,'N'
v_top_hier_node,1,v_M04_1998,4,'N'
v_top_hier_node,1,v_M05_1998,4,'N'
v_top_hier_node,1,v_M06_1998,4,'N'
v_top_hier_node,1,v_Q3_1998,3,'N'
v_top_hier_node,1,v_M07_1998,4,'N'
v_top_hier_node,1,v_M08_1998,4,'N'
v_top_hier_node,1,v_M09_1998,4,'N'
v_top_hier_node,1,v_Q4_1998,3,'N'
v_top_hier_node,1,v_M10_1998,4,'N'
v_top_hier_node,1,v_M11_1998,4,'N'
v_top_hier_node,1,v_M12_1998,4,'N'
v_top_hier_node,1,v_year1999,2,'Y'
v_top_hier_node,1,v_Q1_1999,3,'N'
v_top_hier_node,1,v_M01_1999,4,'N'
v_top_hier_node,1,v_M02_1999,4,'N'
v_top_hier_node,1,v_M03_1999,4,'N'
v_top_hier_node,1,v_M04_1999,4,'N'
v_top_hier_node,1,v_M05_1999,4,'N'
v_top_hier_node,1,v_Q2_1999,3,'N'
v_top_hier_node,1,v_M06_1999,4,'N'
v_top_hier_node,1,v_Q3_1999,3,'N'
v_top_hier_node,1,v_M07_1999,4,'N'
v_top_hier_node,1,v_Q4_1999,3,'N'
v_top_hier_node,1,v_M08_1999,4,'N'
v_top_hier_node,1,v_M09_1999,4,'N'
v_top_hier_node,1,v_M10_1999,4,'N'
v_top_hier_node,1,v_M11_1999,4,'N'
v_top_hier_node,1,v_M12_1999,4,'N'
v_top_hier_node,1,v_year2000,2,'Y'
v_top_hier_node,1,v_Q1_2000,3,'N'
v_top_hier_node,1,v_M01_2000,4,'N'
v_top_hier_node,1,v_M02_2000,4,'N'
v_top_hier_node,1,v_M03_2000,4,'N'
v_top_hier_node,1,v_Q2_2000,3,'N'
v_top_hier_node,1,v_M04_2000,4,'N'
v_top_hier_node,1,v_M05_2000,4,'N'
v_top_hier_node,1,v_M06_2000,4,'N'
v_top_hier_node,1,v_Q3_2000,3,'N'
v_top_hier_node,1,v_M07_2000,4,'N'
v_top_hier_node,1,v_M08_2000,4,'N'
v_top_hier_node,1,v_M09_2000,4,'N'
v_top_hier_node,1,v_Q4_2000,3,'N'
v_top_hier_node,1,v_M10_2000,4,'N'
v_top_hier_node,1,v_M11_2000,4,'N'
v_top_hier_node,1,v_M12_2000,4,'N'
v_year1997,2,v_Q4_1997,3,'Y'
v_year1997,2,v_M12_1997,4,'N'
v_Q4_1997,3,v_M12_1997,4,'Y'
v_M12_1997,4,v_M12_1997,4,'N'
v_year1998,2,v_Q1_1998,3,'Y'
v_year1998,2,v_M01_1998,4,'N'
v_year1998,2,v_M02_1998,4,'N'
v_year1998,2,v_M03_1998,4,'N'
v_year1998,2,v_Q2_1998,3,'Y'
v_year1998,2,v_M04_1998,4,'N'
v_year1998,2,v_M05_1998,4,'N'
v_year1998,2,v_M06_1998,4,'N'
v_year1998,2,v_Q3_1998,3,'Y'
v_year1998,2,v_M07_1998,4,'N'
v_year1998,2,v_M08_1998,4,'N'
v_year1998,2,v_M09_1998,4,'N'
v_year1998,2,v_Q4_1998,3,'Y'
v_year1998,2,v_M10_1998,4,'N'
v_year1998,2,v_M11_1998,4,'N'
v_year1998,2,v_M12_1998,4,'N'
v_Q1_1998,3,v_M01_1998,4,'Y'
v_Q1_1998,3,v_M02_1998,4,'Y'
v_Q1_1998,3,v_M03_1998,4,'Y'
v_M01_1998,4,v_M01_1998,4,'N'
v_M02_1998,4,v_M02_1998,4,'N'
v_M03_1998,4,v_M03_1998,4,'N'
v_Q2_1998,3,v_M04_1998,4,'Y'
v_Q2_1998,3,v_M05_1998,4,'Y'
v_Q2_1998,3,v_M06_1998,4,'Y'
v_M04_1998,4,v_M04_1998,4,'N'
v_M05_1998,4,v_M05_1998,4,'N'
v_M06_1998,4,v_M06_1998,4,'N'
v_Q3_1998,3,v_M07_1998,4,'Y'
v_Q3_1998,3,v_M08_1998,4,'Y'
v_Q3_1998,3,v_M09_1998,4,'Y'
v_M07_1998,4,v_M07_1998,4,'N'
v_M08_1998,4,v_M08_1998,4,'N'
v_M09_1998,4,v_M09_1998,4,'N'
v_Q4_1998,3,v_M10_1998,4,'Y'
v_Q4_1998,3,v_M11_1998,4,'Y'
v_Q4_1998,3,v_M12_1998,4,'Y'
v_M10_1998,4,v_M10_1998,4,'N'
v_M11_1998,4,v_M11_1998,4,'N'
v_M12_1998,4,v_M12_1998,4,'N'
v_year1999,2,v_Q1_1999,3,'Y'
v_year1999,2,v_M01_1999,4,'N'
v_year1999,2,v_M02_1999,4,'N'
v_year1999,2,v_M03_1999,4,'N'
v_year1999,2,v_M04_1999,4,'N'
v_year1999,2,v_M05_1999,4,'N'
v_year1999,2,v_Q2_1999,3,'Y'
v_year1999,2,v_M06_1999,4,'N'
v_year1999,2,v_Q3_1999,3,'Y'
v_year1999,2,v_M07_1999,4,'N'
v_year1999,2,v_Q4_1999,3,'Y'
v_year1999,2,v_M08_1999,4,'N'
v_year1999,2,v_M09_1999,4,'N'
v_year1999,2,v_M10_1999,4,'N'
v_year1999,2,v_M11_1999,4,'N'
v_year1999,2,v_M12_1999,4,'N'
v_Q1_1999,3,v_M01_1999,4,'Y'
v_Q1_1999,3,v_M02_1999,4,'Y'
v_Q1_1999,3,v_M03_1999,4,'Y'
v_Q1_1999,3,v_M04_1999,4,'Y'
v_Q1_1999,3,v_M05_1999,4,'Y'
v_M01_1999,4,v_M01_1999,4,'N'
v_M02_1999,4,v_M02_1999,4,'N'
v_M03_1999,4,v_M03_1999,4,'N'
v_M04_1999,4,v_M04_1999,4,'N'
v_M05_1999,4,v_M05_1999,4,'N'
v_Q2_1999,3,v_M06_1999,4,'Y'
v_M06_1999,4,v_M06_1999,4,'N'
v_Q3_1999,3,v_M07_1999,4,'Y'
v_M07_1999,4,v_M07_1999,4,'N'
v_Q4_1999,3,v_M08_1999,4,'Y'
v_Q4_1999,3,v_M09_1999,4,'Y'
v_Q4_1999,3,v_M10_1999,4,'Y'
v_Q4_1999,3,v_M11_1999,4,'Y'
v_Q4_1999,3,v_M12_1999,4,'Y'
v_M08_1999,4,v_M08_1999,4,'N'
v_M09_1999,4,v_M09_1999,4,'N'
v_M10_1999,4,v_M10_1999,4,'N'
v_M11_1999,4,v_M11_1999,4,'N'
v_M12_1999,4,v_M12_1999,4,'N'
v_year2000,2,v_Q1_2000,3,'Y'
v_year2000,2,v_M01_2000,4,'N'
v_year2000,2,v_M02_2000,4,'N'
v_year2000,2,v_M03_2000,4,'N'
v_year2000,2,v_Q2_2000,3,'Y'
v_year2000,2,v_M04_2000,4,'N'
v_year2000,2,v_M05_2000,4,'N'
v_year2000,2,v_M06_2000,4,'N'
v_year2000,2,v_Q3_2000,3,'Y'
v_year2000,2,v_M07_2000,4,'N'
v_year2000,2,v_M08_2000,4,'N'
v_year2000,2,v_M09_2000,4,'N'
v_year2000,2,v_Q4_2000,3,'Y'
v_year2000,2,v_M10_2000,4,'N'
v_year2000,2,v_M11_2000,4,'N'
v_year2000,2,v_M12_2000,4,'N'
v_Q1_2000,3,v_M01_2000,4,'Y'
v_Q1_2000,3,v_M02_2000,4,'Y'
v_Q1_2000,3,v_M03_2000,4,'Y'
v_M01_2000,4,v_M01_2000,4,'N'
v_M02_2000,4,v_M02_2000,4,'N'
v_M03_2000,4,v_M03_2000,4,'N'
v_Q2_2000,3,v_M04_2000,4,'Y'
v_Q2_2000,3,v_M05_2000,4,'Y'
v_Q2_2000,3,v_M06_2000,4,'Y'
v_M04_2000,4,v_M04_2000,4,'N'
v_M05_2000,4,v_M05_2000,4,'N'
v_M06_2000,4,v_M06_2000,4,'N'
v_Q3_2000,3,v_M07_2000,4,'Y'
v_Q3_2000,3,v_M08_2000,4,'Y'
v_Q3_2000,3,v_M09_2000,4,'Y'
v_M07_2000,4,v_M07_2000,4,'N'
v_M08_2000,4,v_M08_2000,4,'N'
v_M09_2000,4,v_M09_2000,4,'N'
v_Q4_2000,3,v_M10_2000,4,'Y'
v_Q4_2000,3,v_M11_2000,4,'Y'
v_Q4_2000,3,v_M12_2000,4,'Y'
v_M10_2000,4,v_M10_2000,4,'N'
v_M11_2000,4,v_M11_2000,4,'N'
v_M12_2000,4,v_M12_2000,4,'N'
