Build started 9/11/2012 8:58:32 PM.
     1>Project "C:\Development\SOURCE\cpp\WinDbgLearn\WinDbgLearn\WinDbgLearn.vcxproj" on node 2 (rebuild target(s)).
     1>_PrepareForClean:
         Deleting file "Release\WinDbgLearn.lastbuildstate".
       InitializeBuildStatus:
         Creating "Release\WinDbgLearn.unsuccessfulbuild" because "AlwaysCreate" was specified.
       ClCompile:
         C:\Program Files (x86)\Microsoft Visual Studio 10.0\VC\bin\CL.exe /c /Zi /nologo /W3 /WX- /O2 /Oi /Oy- /GL /D WIN32 /D NDEBUG /D _CONSOLE /D _UNICODE /D UNICODE /Gm- /EHsc /MD /GS /Gy /fp:precise /Zc:wchar_t /Zc:forScope /Yc"StdAfx.h" /Fp"Release\WinDbgLearn.pch" /Fo"Release\\" /Fd"Release\vc100.pdb" /Gd /TP /analyze- /errorReport:prompt stdafx.cpp
         stdafx.cpp
         C:\Program Files (x86)\Microsoft Visual Studio 10.0\VC\bin\CL.exe /c /Zi /nologo /W3 /WX- /O2 /Oi /Oy- /GL /D WIN32 /D NDEBUG /D _CONSOLE /D _UNICODE /D UNICODE /Gm- /EHsc /MD /GS /Gy /fp:precise /Zc:wchar_t /Zc:forScope /Yu"StdAfx.h" /Fp"Release\WinDbgLearn.pch" /Fo"Release\\" /Fd"Release\vc100.pdb" /Gd /TP /analyze- /errorReport:prompt WinDbgLearn.cpp
         WinDbgLearn.cpp
       Link:
         C:\Program Files (x86)\Microsoft Visual Studio 10.0\VC\bin\link.exe /ERRORREPORT:PROMPT /OUT:"C:\Development\SOURCE\cpp\WinDbgLearn\Release\WinDbgLearn.exe" /INCREMENTAL:NO /NOLOGO kernel32.lib user32.lib gdi32.lib winspool.lib comdlg32.lib advapi32.lib shell32.lib ole32.lib oleaut32.lib uuid.lib odbc32.lib odbccp32.lib /MANIFEST /ManifestFile:"Release\WinDbgLearn.exe.intermediate.manifest" /MANIFESTUAC:"level='asInvoker' uiAccess='false'" /DEBUG /PDB:"C:\Development\SOURCE\cpp\WinDbgLearn\Release\WinDbgLearn.pdb" /SUBSYSTEM:CONSOLE /OPT:REF /OPT:ICF /LTCG /TLBID:1 /DYNAMICBASE /NXCOMPAT /IMPLIB:"C:\Development\SOURCE\cpp\WinDbgLearn\Release\WinDbgLearn.lib" /MACHINE:X86 Release\stdafx.obj
         Release\WinDbgLearn.obj
         Generating code
         Finished generating code
         WinDbgLearn.vcxproj -> C:\Development\SOURCE\cpp\WinDbgLearn\Release\WinDbgLearn.exe
       Manifest:
         C:\Program Files (x86)\Microsoft SDKs\Windows\v7.0A\bin\mt.exe /nologo /verbose /outputresource:"C:\Development\SOURCE\cpp\WinDbgLearn\Release\WinDbgLearn.exe;#1" /manifest Release\WinDbgLearn.exe.intermediate.manifest
       FinalizeBuildStatus:
         Deleting file "Release\WinDbgLearn.unsuccessfulbuild".
         Touching "Release\WinDbgLearn.lastbuildstate".
     1>Done Building Project "C:\Development\SOURCE\cpp\WinDbgLearn\WinDbgLearn\WinDbgLearn.vcxproj" (rebuild target(s)).

Build succeeded.

Time Elapsed 00:00:02.15
