C:\VOLATILE\DEVELOPMENT\SOURCE\CPP\COM_DCOM_EXAMPLE_SIMPLE\COM_DCOM_EXAMPLE_SIMPLE\COM_DCOM_EXAMPLE_SIMPLE_I.C
C:\VOLATILE\DEVELOPMENT\SOURCE\CPP\COM_DCOM_EXAMPLE_SIMPLE\COM_DCOM_EXAMPLE_SIMPLE\COM_DCOM_EXAMPLE_SIMPLE_I.H
C:\VOLATILE\DEVELOPMENT\SOURCE\CPP\COM_DCOM_EXAMPLE_SIMPLE\COM_DCOM_EXAMPLE_SIMPLE\COM_DCOM_EXAMPLE_SIMPLE_P.C
C:\Volatile\Development\Source\cpp\COM_DCOM_Example_Simple\COM_DCOM_Example_Simple\Debug\cl.command.1.tlog
C:\Volatile\Development\Source\cpp\COM_DCOM_Example_Simple\COM_DCOM_Example_Simple\Debug\CL.read.1.tlog
C:\Volatile\Development\Source\cpp\COM_DCOM_Example_Simple\COM_DCOM_Example_Simple\Debug\CL.write.1.tlog
C:\VOLATILE\DEVELOPMENT\SOURCE\CPP\COM_DCOM_EXAMPLE_SIMPLE\COM_DCOM_EXAMPLE_SIMPLE\DEBUG\COM_DCOM_EXAMPLE_SIMPLE.DLL.EMBED.MANIFEST
C:\VOLATILE\DEVELOPMENT\SOURCE\CPP\COM_DCOM_EXAMPLE_SIMPLE\COM_DCOM_EXAMPLE_SIMPLE\DEBUG\COM_DCOM_EXAMPLE_SIMPLE.DLL.EMBED.MANIFEST.RES
C:\VOLATILE\DEVELOPMENT\SOURCE\CPP\COM_DCOM_EXAMPLE_SIMPLE\COM_DCOM_EXAMPLE_SIMPLE\DEBUG\COM_DCOM_EXAMPLE_SIMPLE.DLL.INTERMEDIATE.MANIFEST
C:\VOLATILE\DEVELOPMENT\SOURCE\CPP\COM_DCOM_EXAMPLE_SIMPLE\COM_DCOM_EXAMPLE_SIMPLE\DEBUG\COM_DCOM_EXAMPLE_SIMPLE.OBJ
C:\VOLATILE\DEVELOPMENT\SOURCE\CPP\COM_DCOM_EXAMPLE_SIMPLE\COM_DCOM_EXAMPLE_SIMPLE\DEBUG\COM_DCOM_EXAMPLE_SIMPLE.PCH
C:\VOLATILE\DEVELOPMENT\SOURCE\CPP\COM_DCOM_EXAMPLE_SIMPLE\COM_DCOM_EXAMPLE_SIMPLE\DEBUG\COM_DCOM_EXAMPLE_SIMPLE.RES
C:\VOLATILE\DEVELOPMENT\SOURCE\CPP\COM_DCOM_EXAMPLE_SIMPLE\COM_DCOM_EXAMPLE_SIMPLE\DEBUG\COM_DCOM_EXAMPLE_SIMPLE.TLB
C:\Volatile\Development\Source\cpp\COM_DCOM_Example_Simple\COM_DCOM_Example_Simple\Debug\COM_DCOM_Example_Simple.write.1.tlog
C:\VOLATILE\DEVELOPMENT\SOURCE\CPP\COM_DCOM_EXAMPLE_SIMPLE\COM_DCOM_EXAMPLE_SIMPLE\DEBUG\COM_DCOM_EXAMPLE_SIMPLE_I.OBJ
C:\Volatile\Development\Source\cpp\COM_DCOM_Example_Simple\COM_DCOM_Example_Simple\Debug\COM_DCOM_Example_Simple_manifest.rc
C:\VOLATILE\DEVELOPMENT\SOURCE\CPP\COM_DCOM_EXAMPLE_SIMPLE\COM_DCOM_EXAMPLE_SIMPLE\DEBUG\COM_DCOM_EXAMPLE_SIMPLE_P.OBJ
C:\VOLATILE\DEVELOPMENT\SOURCE\CPP\COM_DCOM_EXAMPLE_SIMPLE\COM_DCOM_EXAMPLE_SIMPLE\DEBUG\COM_DCOM_EXAMPLE_SIMPLEPS.DLL.INTERMEDIATE.MANIFEST
C:\Volatile\Development\Source\cpp\COM_DCOM_Example_Simple\COM_DCOM_Example_Simple\Debug\COM_DCOM_Example_SimplePS.write.1.tlog
C:\VOLATILE\DEVELOPMENT\SOURCE\CPP\COM_DCOM_EXAMPLE_SIMPLE\COM_DCOM_EXAMPLE_SIMPLE\DEBUG\DLLDATA.OBJ
C:\VOLATILE\DEVELOPMENT\SOURCE\CPP\COM_DCOM_EXAMPLE_SIMPLE\COM_DCOM_EXAMPLE_SIMPLE\DEBUG\DLLMAIN.OBJ
C:\Volatile\Development\Source\cpp\COM_DCOM_Example_Simple\COM_DCOM_Example_Simple\Debug\link.command.1.tlog
C:\Volatile\Development\Source\cpp\COM_DCOM_Example_Simple\COM_DCOM_Example_Simple\Debug\link.read.1.tlog
C:\Volatile\Development\Source\cpp\COM_DCOM_Example_Simple\COM_DCOM_Example_Simple\Debug\link.write.1.tlog
C:\Volatile\Development\Source\cpp\COM_DCOM_Example_Simple\COM_DCOM_Example_Simple\Debug\link-cvtres.read.1.tlog
C:\Volatile\Development\Source\cpp\COM_DCOM_Example_Simple\COM_DCOM_Example_Simple\Debug\link-cvtres.write.1.tlog
C:\Volatile\Development\Source\cpp\COM_DCOM_Example_Simple\COM_DCOM_Example_Simple\Debug\midl.command.1.tlog
C:\Volatile\Development\Source\cpp\COM_DCOM_Example_Simple\COM_DCOM_Example_Simple\Debug\midl.read.1.tlog
C:\Volatile\Development\Source\cpp\COM_DCOM_Example_Simple\COM_DCOM_Example_Simple\Debug\midl.write.1.tlog
C:\Volatile\Development\Source\cpp\COM_DCOM_Example_Simple\COM_DCOM_Example_Simple\Debug\midl-midlc.read.1.tlog
C:\Volatile\Development\Source\cpp\COM_DCOM_Example_Simple\COM_DCOM_Example_Simple\Debug\midl-midlc.write.1.tlog
C:\Volatile\Development\Source\cpp\COM_DCOM_Example_Simple\COM_DCOM_Example_Simple\Debug\midl-midlc-cl.read.1.tlog
C:\Volatile\Development\Source\cpp\COM_DCOM_Example_Simple\COM_DCOM_Example_Simple\Debug\mt.command.1.tlog
C:\Volatile\Development\Source\cpp\COM_DCOM_Example_Simple\COM_DCOM_Example_Simple\Debug\mt.read.1.tlog
C:\Volatile\Development\Source\cpp\COM_DCOM_Example_Simple\COM_DCOM_Example_Simple\Debug\mt.write.1.tlog
C:\Volatile\Development\Source\cpp\COM_DCOM_Example_Simple\COM_DCOM_Example_Simple\Debug\rc.command.1.tlog
C:\Volatile\Development\Source\cpp\COM_DCOM_Example_Simple\COM_DCOM_Example_Simple\Debug\rc.read.1.tlog
C:\Volatile\Development\Source\cpp\COM_DCOM_Example_Simple\COM_DCOM_Example_Simple\Debug\rc.write.1.tlog
C:\VOLATILE\DEVELOPMENT\SOURCE\CPP\COM_DCOM_EXAMPLE_SIMPLE\COM_DCOM_EXAMPLE_SIMPLE\DEBUG\SIMPLECHATSERVER.OBJ
C:\VOLATILE\DEVELOPMENT\SOURCE\CPP\COM_DCOM_EXAMPLE_SIMPLE\COM_DCOM_EXAMPLE_SIMPLE\DEBUG\STDAFX.OBJ
C:\Volatile\Development\Source\cpp\COM_DCOM_Example_Simple\COM_DCOM_Example_Simple\Debug\vc100.idb
C:\VOLATILE\DEVELOPMENT\SOURCE\CPP\COM_DCOM_EXAMPLE_SIMPLE\COM_DCOM_EXAMPLE_SIMPLE\DEBUG\VC100.PDB
C:\VOLATILE\DEVELOPMENT\SOURCE\CPP\COM_DCOM_EXAMPLE_SIMPLE\DEBUG\COM_DCOM_EXAMPLE_SIMPLE.DLL
C:\Volatile\Development\Source\cpp\COM_DCOM_Example_Simple\Debug\COM_DCOM_Example_Simple.exp
C:\VOLATILE\DEVELOPMENT\SOURCE\CPP\COM_DCOM_EXAMPLE_SIMPLE\DEBUG\COM_DCOM_EXAMPLE_SIMPLE.ILK
C:\Volatile\Development\Source\cpp\COM_DCOM_Example_Simple\Debug\COM_DCOM_Example_Simple.lib
C:\VOLATILE\DEVELOPMENT\SOURCE\CPP\COM_DCOM_EXAMPLE_SIMPLE\DEBUG\COM_DCOM_EXAMPLE_SIMPLE.PDB
C:\VOLATILE\DEVELOPMENT\SOURCE\CPP\COM_DCOM_EXAMPLE_SIMPLE\DEBUG\COM_DCOM_EXAMPLE_SIMPLEPS.DLL
C:\Volatile\Development\Source\cpp\COM_DCOM_Example_Simple\Debug\COM_DCOM_Example_SimplePS.exp
C:\Volatile\Development\Source\cpp\COM_DCOM_Example_Simple\Debug\COM_DCOM_Example_SimplePS.lib
