Build started 4/17/2014 5:55:20 PM.
     1>Project "C:\Volatile\Development\Source\cpp\COM_DCOM_Example_Simple\COM_DCOM_Example_Simple\COM_DCOM_Example_Simple.vcxproj" on node 2 (build target(s)).
     1>InitializeBuildStatus:
         Creating "Debug\COM_DCOM_Example_Simple.unsuccessfulbuild" because "AlwaysCreate" was specified.
       Midl:
         All outputs are up-to-date.
       ClCompile:
         All outputs are up-to-date.
         All outputs are up-to-date.
         All outputs are up-to-date.
         C:\Program Files (x86)\Microsoft Visual Studio 10.0\VC\bin\CL.exe /c /ZI /nologo /W3 /WX- /Od /Oy- /D WIN32 /D _WINDOWS /D _DEBUG /D _USRDLL /D _WINDLL /D _UNICODE /D UNICODE /D _ATL_DLL /Gm /EHsc /RTC1 /MDd /GS /fp:precise /Zc:wchar_t /Zc:forScope /Fo"Debug\\" /Fd"Debug\vc100.pdb" /Gd /TC /analyze- /errorReport:prompt COM_DCOM_Example_Simple_i.c
         COM_DCOM_Example_Simple_i.c
         All outputs are up-to-date.
       ResourceCompile:
         All outputs are up-to-date.
       ManifestResourceCompile:
         All outputs are up-to-date.
       Link:
         C:\Program Files (x86)\Microsoft Visual Studio 10.0\VC\bin\link.exe /ERRORREPORT:PROMPT /OUT:"C:\Volatile\Development\Source\cpp\COM_DCOM_Example_Simple\Debug\COM_DCOM_Example_Simple.dll" /INCREMENTAL /NOLOGO kernel32.lib user32.lib gdi32.lib winspool.lib comdlg32.lib advapi32.lib shell32.lib ole32.lib oleaut32.lib uuid.lib odbc32.lib odbccp32.lib /DEF:".\COM_DCOM_Example_Simple.def" /MANIFEST /ManifestFile:"Debug\COM_DCOM_Example_Simple.dll.intermediate.manifest" /MANIFESTUAC:"level='asInvoker' uiAccess='false'" /DEBUG /PDB:"C:\Volatile\Development\Source\cpp\COM_DCOM_Example_Simple\Debug\COM_DCOM_Example_Simple.pdb" /SUBSYSTEM:WINDOWS /TLBID:1 /DYNAMICBASE /NXCOMPAT /MACHINE:X86 /DLL Debug\COM_DCOM_Example_Simple.res
         Debug\COM_DCOM_Example_Simple.dll.embed.manifest.res
         Debug\COM_DCOM_Example_Simple.obj
         Debug\COM_DCOM_Example_Simple_i.obj
         Debug\dllmain.obj
         Debug\SimpleChatServer.obj
         Debug\stdafx.obj
       Manifest:
         C:\Program Files (x86)\Microsoft SDKs\Windows\v7.0A\bin\mt.exe /nologo /verbose /out:"Debug\COM_DCOM_Example_Simple.dll.embed.manifest" /manifest Debug\COM_DCOM_Example_Simple.dll.intermediate.manifest
         All outputs are up-to-date.
       LinkEmbedManifest:
         All outputs are up-to-date.
         COM_DCOM_Example_Simple.vcxproj -> C:\Volatile\Development\Source\cpp\COM_DCOM_Example_Simple\Debug\COM_DCOM_Example_Simple.dll
       RegisterOutput:
         regsvr32 /s "C:\Volatile\Development\Source\cpp\COM_DCOM_Example_Simple\Debug\COM_DCOM_Example_Simple.dll"
       PostBuildEvent:
         tlbimp Debug\COM_DCOM_Example_Simple.tlb /primary /keyfile:COM_DCOM_ExSimple.snk /out:COM_DCOM_Example_Simple_Interop.dll
         :VCEnd
         Microsoft (R) .NET Framework Type Library to Assembly Converter 4.0.30319.1
         Copyright (C) Microsoft Corporation.  All rights reserved.
         
         TlbImp : Type library imported to C:\Volatile\Development\Source\cpp\COM_DCOM_Example_Simple\COM_DCOM_Example_Simple\COM_DCOM_Example_Simple_Interop.dll
       FinalizeBuildStatus:
         Deleting file "Debug\COM_DCOM_Example_Simple.unsuccessfulbuild".
         Touching "Debug\COM_DCOM_Example_Simple.lastbuildstate".
     1>Done Building Project "C:\Volatile\Development\Source\cpp\COM_DCOM_Example_Simple\COM_DCOM_Example_Simple\COM_DCOM_Example_Simple.vcxproj" (build target(s)).

Build succeeded.

Time Elapsed 00:00:08.77
