C:\VOLATILE\SOURCE\CSHARP\PROCSHARPEXERCISES\DEBUG\ENUMERABLEUSAGE_CPP.EXE
C:\VOLATILE\SOURCE\CSHARP\PROCSHARPEXERCISES\DEBUG\ENUMERABLEUSAGE_CPP.ILK
C:\VOLATILE\SOURCE\CSHARP\PROCSHARPEXERCISES\DEBUG\ENUMERABLEUSAGE_CPP.PDB
C:\VOLATILE\SOURCE\CSHARP\PROCSHARPEXERCISES\ENUMERABLEUSAGE_CPP\DEBUG\.NETFRAMEWORK,VERSION=V4.0.ASSEMBLYATTRIBUTES.OBJ
C:\VOLATILE\SOURCE\CSHARP\PROCSHARPEXERCISES\ENUMERABLEUSAGE_CPP\DEBUG\APP.RES
C:\VOLATILE\SOURCE\CSHARP\PROCSHARPEXERCISES\ENUMERABLEUSAGE_CPP\DEBUG\ASSEMBLYINFO.OBJ
C:\Volatile\Source\csharp\ProCsharpExercises\EnumerableUsage_CPP\Debug\cl.command.1.tlog
C:\Volatile\Source\csharp\ProCsharpExercises\EnumerableUsage_CPP\Debug\CL.read.1.tlog
C:\Volatile\Source\csharp\ProCsharpExercises\EnumerableUsage_CPP\Debug\CL.write.1.tlog
C:\VOLATILE\SOURCE\CSHARP\PROCSHARPEXERCISES\ENUMERABLEUSAGE_CPP\DEBUG\ENUMERABLEUSAGE_CPP.EXE.INTERMEDIATE.MANIFEST
C:\VOLATILE\SOURCE\CSHARP\PROCSHARPEXERCISES\ENUMERABLEUSAGE_CPP\DEBUG\ENUMERABLEUSAGE_CPP.OBJ
C:\VOLATILE\SOURCE\CSHARP\PROCSHARPEXERCISES\ENUMERABLEUSAGE_CPP\DEBUG\ENUMERABLEUSAGE_CPP.PCH
C:\Volatile\Source\csharp\ProCsharpExercises\EnumerableUsage_CPP\Debug\EnumerableUsage_CPP.write.1.tlog
C:\Volatile\Source\csharp\ProCsharpExercises\EnumerableUsage_CPP\Debug\link.6548.read.1.tlog
C:\Volatile\Source\csharp\ProCsharpExercises\EnumerableUsage_CPP\Debug\link.6548.write.1.tlog
C:\Volatile\Source\csharp\ProCsharpExercises\EnumerableUsage_CPP\Debug\link.6548-cvtres.read.1.tlog
C:\Volatile\Source\csharp\ProCsharpExercises\EnumerableUsage_CPP\Debug\link.6548-cvtres.write.1.tlog
C:\Volatile\Source\csharp\ProCsharpExercises\EnumerableUsage_CPP\Debug\link.command.1.tlog
C:\Volatile\Source\csharp\ProCsharpExercises\EnumerableUsage_CPP\Debug\link.read.1.tlog
C:\Volatile\Source\csharp\ProCsharpExercises\EnumerableUsage_CPP\Debug\link.write.1.tlog
C:\Volatile\Source\csharp\ProCsharpExercises\EnumerableUsage_CPP\Debug\metagen.read.1.tlog
C:\Volatile\Source\csharp\ProCsharpExercises\EnumerableUsage_CPP\Debug\metagen.write.1.tlog
C:\Volatile\Source\csharp\ProCsharpExercises\EnumerableUsage_CPP\Debug\mt.command.1.tlog
C:\Volatile\Source\csharp\ProCsharpExercises\EnumerableUsage_CPP\Debug\mt.read.1.tlog
C:\Volatile\Source\csharp\ProCsharpExercises\EnumerableUsage_CPP\Debug\mt.write.1.tlog
C:\Volatile\Source\csharp\ProCsharpExercises\EnumerableUsage_CPP\Debug\rc.command.1.tlog
C:\Volatile\Source\csharp\ProCsharpExercises\EnumerableUsage_CPP\Debug\rc.read.1.tlog
C:\Volatile\Source\csharp\ProCsharpExercises\EnumerableUsage_CPP\Debug\rc.write.1.tlog
C:\Volatile\Source\csharp\ProCsharpExercises\EnumerableUsage_CPP\Debug\RSAENH.DLL.bi
C:\VOLATILE\SOURCE\CSHARP\PROCSHARPEXERCISES\ENUMERABLEUSAGE_CPP\DEBUG\STDAFX.OBJ
C:\Volatile\Source\csharp\ProCsharpExercises\EnumerableUsage_CPP\Debug\TZRES.DLL.bi
C:\VOLATILE\SOURCE\CSHARP\PROCSHARPEXERCISES\ENUMERABLEUSAGE_CPP\DEBUG\VC100.PDB
