Build started 3/11/2013 1:10:30 PM.
     1>Project "C:\Volatile\Development\Source\csharp\ProCsharpExercises\Threading_dotNet_CPP\Threading_dotNet_CPP.vcxproj" on node 5 (build target(s)).
     1>InitializeBuildStatus:
         Creating "Debug\Threading_dotNet_CPP.unsuccessfulbuild" because "AlwaysCreate" was specified.
       GenerateTargetFrameworkMonikerAttribute:
       Skipping target "GenerateTargetFrameworkMonikerAttribute" because all output files are up-to-date with respect to the input files.
       ClCompile:
         All outputs are up-to-date.
         All outputs are up-to-date.
         All outputs are up-to-date.
       ResourceCompile:
         All outputs are up-to-date.
       Link:
         All outputs are up-to-date.
         Threading_dotNet_CPP.vcxproj -> C:\Volatile\Development\Source\csharp\ProCsharpExercises\Debug\Threading_dotNet_CPP.exe
       MetaGen:
       Skipping target "MetaGen" because all output files are up-to-date with respect to the input files.
       FinalizeBuildStatus:
         Deleting file "Debug\Threading_dotNet_CPP.unsuccessfulbuild".
         Touching "Debug\Threading_dotNet_CPP.lastbuildstate".
     1>Done Building Project "C:\Volatile\Development\Source\csharp\ProCsharpExercises\Threading_dotNet_CPP\Threading_dotNet_CPP.vcxproj" (build target(s)).

Build succeeded.

Time Elapsed 00:00:00.14
