C:\VOLATILE\SOURCE\CSHARP\PROCSHARPEXERCISES\DEBUG\THREADING_DOTNET_CPP.EXE
C:\VOLATILE\SOURCE\CSHARP\PROCSHARPEXERCISES\DEBUG\THREADING_DOTNET_CPP.ILK
C:\VOLATILE\SOURCE\CSHARP\PROCSHARPEXERCISES\DEBUG\THREADING_DOTNET_CPP.PDB
C:\VOLATILE\SOURCE\CSHARP\PROCSHARPEXERCISES\THREADING_DOTNET_CPP\DEBUG\.NETFRAMEWORK,VERSION=V4.0.ASSEMBLYATTRIBUTES.OBJ
C:\VOLATILE\SOURCE\CSHARP\PROCSHARPEXERCISES\THREADING_DOTNET_CPP\DEBUG\APP.RES
C:\VOLATILE\SOURCE\CSHARP\PROCSHARPEXERCISES\THREADING_DOTNET_CPP\DEBUG\ASSEMBLYINFO.OBJ
C:\Volatile\Source\csharp\ProCsharpExercises\Threading_dotNet_CPP\Debug\cl.command.1.tlog
C:\Volatile\Source\csharp\ProCsharpExercises\Threading_dotNet_CPP\Debug\CL.read.1.tlog
C:\Volatile\Source\csharp\ProCsharpExercises\Threading_dotNet_CPP\Debug\CL.write.1.tlog
C:\Volatile\Source\csharp\ProCsharpExercises\Threading_dotNet_CPP\Debug\link.7964.read.1.tlog
C:\Volatile\Source\csharp\ProCsharpExercises\Threading_dotNet_CPP\Debug\link.7964.write.1.tlog
C:\Volatile\Source\csharp\ProCsharpExercises\Threading_dotNet_CPP\Debug\link.7964-cvtres.read.1.tlog
C:\Volatile\Source\csharp\ProCsharpExercises\Threading_dotNet_CPP\Debug\link.7964-cvtres.write.1.tlog
C:\Volatile\Source\csharp\ProCsharpExercises\Threading_dotNet_CPP\Debug\link.command.1.tlog
C:\Volatile\Source\csharp\ProCsharpExercises\Threading_dotNet_CPP\Debug\link.read.1.tlog
C:\Volatile\Source\csharp\ProCsharpExercises\Threading_dotNet_CPP\Debug\link.write.1.tlog
C:\Volatile\Source\csharp\ProCsharpExercises\Threading_dotNet_CPP\Debug\metagen.read.1.tlog
C:\Volatile\Source\csharp\ProCsharpExercises\Threading_dotNet_CPP\Debug\metagen.write.1.tlog
C:\Volatile\Source\csharp\ProCsharpExercises\Threading_dotNet_CPP\Debug\mt.command.1.tlog
C:\Volatile\Source\csharp\ProCsharpExercises\Threading_dotNet_CPP\Debug\mt.read.1.tlog
C:\Volatile\Source\csharp\ProCsharpExercises\Threading_dotNet_CPP\Debug\mt.write.1.tlog
C:\Volatile\Source\csharp\ProCsharpExercises\Threading_dotNet_CPP\Debug\rc.command.1.tlog
C:\Volatile\Source\csharp\ProCsharpExercises\Threading_dotNet_CPP\Debug\rc.read.1.tlog
C:\Volatile\Source\csharp\ProCsharpExercises\Threading_dotNet_CPP\Debug\rc.write.1.tlog
C:\Volatile\Source\csharp\ProCsharpExercises\Threading_dotNet_CPP\Debug\RSAENH.DLL.bi
C:\VOLATILE\SOURCE\CSHARP\PROCSHARPEXERCISES\THREADING_DOTNET_CPP\DEBUG\STDAFX.OBJ
C:\VOLATILE\SOURCE\CSHARP\PROCSHARPEXERCISES\THREADING_DOTNET_CPP\DEBUG\THREADING_DOTNET_CPP.EXE.INTERMEDIATE.MANIFEST
C:\VOLATILE\SOURCE\CSHARP\PROCSHARPEXERCISES\THREADING_DOTNET_CPP\DEBUG\THREADING_DOTNET_CPP.OBJ
C:\VOLATILE\SOURCE\CSHARP\PROCSHARPEXERCISES\THREADING_DOTNET_CPP\DEBUG\THREADING_DOTNET_CPP.PCH
C:\Volatile\Source\csharp\ProCsharpExercises\Threading_dotNet_CPP\Debug\Threading_dotNet_CPP.write.1.tlog
C:\Volatile\Source\csharp\ProCsharpExercises\Threading_dotNet_CPP\Debug\TZRES.DLL.bi
C:\VOLATILE\SOURCE\CSHARP\PROCSHARPEXERCISES\THREADING_DOTNET_CPP\DEBUG\VC100.PDB
