C:\VOLATILE\SOURCE\CSHARP\PROCSHARPEXERCISES\DEBUG\ENCODINGUSAGECPP.EXE
C:\VOLATILE\SOURCE\CSHARP\PROCSHARPEXERCISES\DEBUG\ENCODINGUSAGECPP.ILK
C:\VOLATILE\SOURCE\CSHARP\PROCSHARPEXERCISES\DEBUG\ENCODINGUSAGECPP.PDB
C:\VOLATILE\SOURCE\CSHARP\PROCSHARPEXERCISES\ENCODINGUSAGECPP\DEBUG\.NETFRAMEWORK,VERSION=V4.0.ASSEMBLYATTRIBUTES.OBJ
C:\VOLATILE\SOURCE\CSHARP\PROCSHARPEXERCISES\ENCODINGUSAGECPP\DEBUG\APP.RES
C:\VOLATILE\SOURCE\CSHARP\PROCSHARPEXERCISES\ENCODINGUSAGECPP\DEBUG\ASSEMBLYINFO.OBJ
C:\Volatile\Source\csharp\ProCsharpExercises\EncodingUsageCPP\Debug\cl.command.1.tlog
C:\Volatile\Source\csharp\ProCsharpExercises\EncodingUsageCPP\Debug\CL.read.1.tlog
C:\Volatile\Source\csharp\ProCsharpExercises\EncodingUsageCPP\Debug\CL.write.1.tlog
C:\VOLATILE\SOURCE\CSHARP\PROCSHARPEXERCISES\ENCODINGUSAGECPP\DEBUG\ENCODINGUSAGECPP.EXE.INTERMEDIATE.MANIFEST
C:\VOLATILE\SOURCE\CSHARP\PROCSHARPEXERCISES\ENCODINGUSAGECPP\DEBUG\ENCODINGUSAGECPP.OBJ
C:\VOLATILE\SOURCE\CSHARP\PROCSHARPEXERCISES\ENCODINGUSAGECPP\DEBUG\ENCODINGUSAGECPP.PCH
C:\Volatile\Source\csharp\ProCsharpExercises\EncodingUsageCPP\Debug\EncodingUsageCPP.write.1.tlog
C:\Volatile\Source\csharp\ProCsharpExercises\EncodingUsageCPP\Debug\link.5196.read.1.tlog
C:\Volatile\Source\csharp\ProCsharpExercises\EncodingUsageCPP\Debug\link.5196.write.1.tlog
C:\Volatile\Source\csharp\ProCsharpExercises\EncodingUsageCPP\Debug\link.5196-cvtres.read.1.tlog
C:\Volatile\Source\csharp\ProCsharpExercises\EncodingUsageCPP\Debug\link.5196-cvtres.write.1.tlog
C:\Volatile\Source\csharp\ProCsharpExercises\EncodingUsageCPP\Debug\link.command.1.tlog
C:\Volatile\Source\csharp\ProCsharpExercises\EncodingUsageCPP\Debug\link.read.1.tlog
C:\Volatile\Source\csharp\ProCsharpExercises\EncodingUsageCPP\Debug\link.write.1.tlog
C:\Volatile\Source\csharp\ProCsharpExercises\EncodingUsageCPP\Debug\metagen.read.1.tlog
C:\Volatile\Source\csharp\ProCsharpExercises\EncodingUsageCPP\Debug\metagen.write.1.tlog
C:\Volatile\Source\csharp\ProCsharpExercises\EncodingUsageCPP\Debug\mt.command.1.tlog
C:\Volatile\Source\csharp\ProCsharpExercises\EncodingUsageCPP\Debug\mt.read.1.tlog
C:\Volatile\Source\csharp\ProCsharpExercises\EncodingUsageCPP\Debug\mt.write.1.tlog
C:\Volatile\Source\csharp\ProCsharpExercises\EncodingUsageCPP\Debug\rc.command.1.tlog
C:\Volatile\Source\csharp\ProCsharpExercises\EncodingUsageCPP\Debug\rc.read.1.tlog
C:\Volatile\Source\csharp\ProCsharpExercises\EncodingUsageCPP\Debug\rc.write.1.tlog
C:\Volatile\Source\csharp\ProCsharpExercises\EncodingUsageCPP\Debug\RSAENH.DLL.bi
C:\VOLATILE\SOURCE\CSHARP\PROCSHARPEXERCISES\ENCODINGUSAGECPP\DEBUG\STDAFX.OBJ
C:\Volatile\Source\csharp\ProCsharpExercises\EncodingUsageCPP\Debug\TZRES.DLL.bi
C:\VOLATILE\SOURCE\CSHARP\PROCSHARPEXERCISES\ENCODINGUSAGECPP\DEBUG\VC100.PDB
