Build started 2/14/2013 11:13:32 AM.
     1>Project "C:\Volatile\Source\cpp\Map_unordered_vs_ordered\Map_unordered_vs_ordered\Map_unordered_vs_ordered.vcxproj" on node 2 (build target(s)).
     1>InitializeBuildStatus:
         Creating "Release\Map_unordered_vs_ordered.unsuccessfulbuild" because "AlwaysCreate" was specified.
       ClCompile:
         All outputs are up-to-date.
         C:\Program Files (x86)\Microsoft Visual Studio 10.0\VC\bin\CL.exe /c /Zi /nologo /W3 /WX- /Ox /Oy- /GL /D WIN32 /D NDEBUG /D _CONSOLE /D _UNICODE /D UNICODE /Gm- /EHsc /MTd /GS /Gy /fp:precise /Zc:wchar_t /Zc:forScope /Yc"StdAfx.h" /Fp"Release\Map_unordered_vs_ordered.pch" /Fo"Release\\" /Fd"Release\vc100.pdb" /Gd /TP /analyze- /errorReport:prompt stdafx.cpp
         stdafx.cpp
         C:\Program Files (x86)\Microsoft Visual Studio 10.0\VC\bin\CL.exe /c /Zi /nologo /W3 /WX- /Ox /Oy- /GL /D WIN32 /D NDEBUG /D _CONSOLE /D _UNICODE /D UNICODE /Gm- /EHsc /MTd /GS /Gy /fp:precise /Zc:wchar_t /Zc:forScope /Yu"StdAfx.h" /Fp"Release\Map_unordered_vs_ordered.pch" /Fo"Release\\" /Fd"Release\vc100.pdb" /Gd /TP /analyze- /errorReport:prompt Map_unordered_vs_ordered.cpp
         Map_unordered_vs_ordered.cpp
       Link:
         C:\Program Files (x86)\Microsoft Visual Studio 10.0\VC\bin\link.exe /ERRORREPORT:PROMPT /OUT:"C:\Volatile\Source\cpp\Map_unordered_vs_ordered\Release\Map_unordered_vs_ordered.exe" /INCREMENTAL:NO /NOLOGO kernel32.lib user32.lib gdi32.lib winspool.lib comdlg32.lib advapi32.lib shell32.lib ole32.lib oleaut32.lib uuid.lib odbc32.lib odbccp32.lib /MANIFEST /ManifestFile:"Release\Map_unordered_vs_ordered.exe.intermediate.manifest" /MANIFESTUAC:"level='asInvoker' uiAccess='false'" /DEBUG /PDB:"C:\Volatile\Source\cpp\Map_unordered_vs_ordered\Release\Map_unordered_vs_ordered.pdb" /SUBSYSTEM:CONSOLE /TLBID:1 /DYNAMICBASE /NXCOMPAT /IMPLIB:"C:\Volatile\Source\cpp\Map_unordered_vs_ordered\Release\Map_unordered_vs_ordered.lib" /MACHINE:X86 Release\Map_unordered_vs_ordered.obj
         Release\stdafx.obj
         Map_unordered_vs_ordered.obj : MSIL .netmodule or module compiled with /GL found; restarting link with /LTCG; add /LTCG to the link command line to improve linker performance
         Generating code
         Finished generating code
         Map_unordered_vs_ordered.vcxproj -> C:\Volatile\Source\cpp\Map_unordered_vs_ordered\Release\Map_unordered_vs_ordered.exe
       Manifest:
         C:\Program Files (x86)\Microsoft SDKs\Windows\v7.0A\bin\mt.exe /nologo /verbose /outputresource:"C:\Volatile\Source\cpp\Map_unordered_vs_ordered\Release\Map_unordered_vs_ordered.exe;#1" /manifest Release\Map_unordered_vs_ordered.exe.intermediate.manifest
       FinalizeBuildStatus:
         Deleting file "Release\Map_unordered_vs_ordered.unsuccessfulbuild".
         Touching "Release\Map_unordered_vs_ordered.lastbuildstate".
     1>Done Building Project "C:\Volatile\Source\cpp\Map_unordered_vs_ordered\Map_unordered_vs_ordered\Map_unordered_vs_ordered.vcxproj" (build target(s)).

Build succeeded.

Time Elapsed 00:00:02.80
