C:\VOLATILE\DEVELOPMENT\SOURCE\CPP\INHERIT2010_NATIVE_VS_MANAGED\DEBUG\INHERIT2010_NATIVE.EXE
C:\VOLATILE\DEVELOPMENT\SOURCE\CPP\INHERIT2010_NATIVE_VS_MANAGED\DEBUG\INHERIT2010_NATIVE.ILK
C:\VOLATILE\DEVELOPMENT\SOURCE\CPP\INHERIT2010_NATIVE_VS_MANAGED\DEBUG\INHERIT2010_NATIVE.PDB
C:\Volatile\Development\Source\cpp\inherit2010_native_vs_managed\inherit2010_native\Debug\cl.command.1.tlog
C:\Volatile\Development\Source\cpp\inherit2010_native_vs_managed\inherit2010_native\Debug\CL.read.1.tlog
C:\Volatile\Development\Source\cpp\inherit2010_native_vs_managed\inherit2010_native\Debug\CL.write.1.tlog
C:\VOLATILE\DEVELOPMENT\SOURCE\CPP\INHERIT2010_NATIVE_VS_MANAGED\INHERIT2010_NATIVE\DEBUG\INHERIT2010_NATIVE.EXE.EMBED.MANIFEST
C:\VOLATILE\DEVELOPMENT\SOURCE\CPP\INHERIT2010_NATIVE_VS_MANAGED\INHERIT2010_NATIVE\DEBUG\INHERIT2010_NATIVE.EXE.EMBED.MANIFEST.RES
C:\VOLATILE\DEVELOPMENT\SOURCE\CPP\INHERIT2010_NATIVE_VS_MANAGED\INHERIT2010_NATIVE\DEBUG\INHERIT2010_NATIVE.EXE.INTERMEDIATE.MANIFEST
C:\VOLATILE\DEVELOPMENT\SOURCE\CPP\INHERIT2010_NATIVE_VS_MANAGED\INHERIT2010_NATIVE\DEBUG\INHERIT2010_NATIVE.OBJ
C:\VOLATILE\DEVELOPMENT\SOURCE\CPP\INHERIT2010_NATIVE_VS_MANAGED\INHERIT2010_NATIVE\DEBUG\INHERIT2010_NATIVE.PCH
C:\Volatile\Development\Source\cpp\inherit2010_native_vs_managed\inherit2010_native\Debug\inherit2010_native.vcxprojResolveAssemblyReference.cache
C:\Volatile\Development\Source\cpp\inherit2010_native_vs_managed\inherit2010_native\Debug\inherit2010_native.write.1.tlog
C:\Volatile\Development\Source\cpp\inherit2010_native_vs_managed\inherit2010_native\Debug\inherit2010_native_manifest.rc
C:\Volatile\Development\Source\cpp\inherit2010_native_vs_managed\inherit2010_native\Debug\link.4080.read.1.tlog
C:\Volatile\Development\Source\cpp\inherit2010_native_vs_managed\inherit2010_native\Debug\link.4080.write.1.tlog
C:\Volatile\Development\Source\cpp\inherit2010_native_vs_managed\inherit2010_native\Debug\link.4080-cvtres.read.1.tlog
C:\Volatile\Development\Source\cpp\inherit2010_native_vs_managed\inherit2010_native\Debug\link.4080-cvtres.write.1.tlog
C:\Volatile\Development\Source\cpp\inherit2010_native_vs_managed\inherit2010_native\Debug\link.command.1.tlog
C:\Volatile\Development\Source\cpp\inherit2010_native_vs_managed\inherit2010_native\Debug\link.read.1.tlog
C:\Volatile\Development\Source\cpp\inherit2010_native_vs_managed\inherit2010_native\Debug\link.write.1.tlog
C:\Volatile\Development\Source\cpp\inherit2010_native_vs_managed\inherit2010_native\Debug\link-cvtres.read.1.tlog
C:\Volatile\Development\Source\cpp\inherit2010_native_vs_managed\inherit2010_native\Debug\link-cvtres.write.1.tlog
C:\Volatile\Development\Source\cpp\inherit2010_native_vs_managed\inherit2010_native\Debug\mt.command.1.tlog
C:\Volatile\Development\Source\cpp\inherit2010_native_vs_managed\inherit2010_native\Debug\mt.read.1.tlog
C:\Volatile\Development\Source\cpp\inherit2010_native_vs_managed\inherit2010_native\Debug\mt.write.1.tlog
C:\Volatile\Development\Source\cpp\inherit2010_native_vs_managed\inherit2010_native\Debug\rc.command.1.tlog
C:\Volatile\Development\Source\cpp\inherit2010_native_vs_managed\inherit2010_native\Debug\rc.read.1.tlog
C:\Volatile\Development\Source\cpp\inherit2010_native_vs_managed\inherit2010_native\Debug\rc.write.1.tlog
C:\VOLATILE\DEVELOPMENT\SOURCE\CPP\INHERIT2010_NATIVE_VS_MANAGED\INHERIT2010_NATIVE\DEBUG\STDAFX.OBJ
C:\Volatile\Development\Source\cpp\inherit2010_native_vs_managed\inherit2010_native\Debug\vc100.idb
C:\VOLATILE\DEVELOPMENT\SOURCE\CPP\INHERIT2010_NATIVE_VS_MANAGED\INHERIT2010_NATIVE\DEBUG\VC100.PDB
